<?xml version="1.0" encoding="utf-8"?><testsuites name="pytest tests"><testsuite name="pytest" errors="0" failures="0" skipped="5" tests="1400" time="489.645" timestamp="2026-09-23T17:49:48.204921+00:00" hostname="fb82"><testcase classname="tests.test_R24_的递归_token" name="test_de_recursion_contract[\u6211\u7684\u4e66-expect0]" time="0.004" /><testcase classname="tests.test_R26_词首并入_token.TestHeadMergePositive" name="test_head_merge[\u5217]" time="0.004" /><testcase classname="tests.test_R27_CS表16字词首并入_token.Test正向词首并入" name="test_整词成IDENTIFIER[\u4e58\u6cd5]" time="0.005" /><testcase classname="tests.test_R20_词法边界" name="test_keyword_prefix_identifier_keeps_whole[\u53bb\u91cd\u5360\u4f4d]" time="0.007" /><testcase classname="tests.test_R23_词法边界_反向" name="test_kw_name_structure_split[\u63a5\u6536 \u53c2\u6570-\u63a5\u6536]" time="0.004" /><testcase classname="tests.test_R25_单字后缀_token" name="test_tail_merge_forward[\u6807\u51c6\u8f93\u51fa]" time="0.004" /><testcase classname="tests.test_R29_CCW表分批精简_token" name="test_ccw_table_is_10" time="0.003" /><testcase classname="tests.test_回归" name="test_example_exit_code[_repro_L066.light]" time="1.673" /><testcase classname="tests.test_R24_的递归_token" name="test_de_recursion_contract[\u7ea2\u8272\u7684\u82b1-expect1]" time="0.006" /><testcase classname="tests.test_R26_词首并入_token.TestHeadMergePositive" name="test_head_merge[\u6bb5]" time="0.005" /><testcase classname="tests.test_R24_的递归_token" name="test_de_recursion_contract[\u5927\u7684\u5c0f\u7684-expect2]" time="0.004" /><testcase classname="tests.test_R26_词首并入_token.TestHeadMergePositive" name="test_head_merge[\u7a7a]" time="0.002" /><testcase classname="tests.test_R26_词首并入_token.TestHeadMergePositive" name="test_head_merge[\u771f]" time="0.002" /><testcase classname="tests.test_R25_单字后缀_token" name="test_tail_merge_forward[\u9000\u51fa\u7801\u8f93\u51fa]" time="0.002" /><testcase classname="tests.test_R25_单字后缀_token" name="test_tail_merge_forward[\u65e5\u671f\u5217]" time="0.003" /><testcase classname="tests.test_R25_单字后缀_token" name="test_tail_merge_forward[\u7d22\u5f15\u5217]" time="0.012" /><testcase classname="tests.test_R25_单字后缀_token" name="test_tail_merge_forward[\u89c4\u5219]" time="0.001" /><testcase classname="tests.test_R25_单字后缀_token" name="test_tail_merge_forward[\u6b63\u5219]" time="0.002" /><testcase classname="tests.test_R27_CS表16字词首并入_token.Test正向词首并入" name="test_整词成IDENTIFIER[\u4e58\u79ef]" time="0.015" /><testcase classname="tests.test_R27_CS表16字词首并入_token.Test正向词首并入" name="test_整词成IDENTIFIER[\u51cf\u6cd5]" time="0.002" /><testcase classname="tests.test_R27_CS表16字词首并入_token.Test正向词首并入" name="test_整词成IDENTIFIER[\u51cf\u901f]" time="0.003" /><testcase classname="tests.test_R27_CS表16字词首并入_token.Test正向词首并入" name="test_整词成IDENTIFIER[\u5230\u4f4d]" time="0.002" /><testcase classname="tests.test_R20_词法边界" name="test_keyword_prefix_identifier_keeps_whole[\u4f5c\u7528\u57df\u5339\u914d]" time="0.005" /><testcase classname="tests.test_R20_词法边界" name="test_keyword_prefix_identifier_keeps_whole[\u6392\u5e8f\u51fd\u6570]" time="0.004" /><testcase classname="tests.test_R20_词法边界" name="test_keyword_prefix_identifier_keeps_whole[\u904d\u5386\u5668]" time="0.004" /><testcase classname="tests.test_R27_CS表16字词首并入_token.Test正向词首并入" name="test_整词成IDENTIFIER[\u5230\u8fbe]" time="0.003" /><testcase classname="tests.test_R27_CS表16字词首并入_token.Test正向词首并入" name="test_整词成IDENTIFIER[\u52a0\u6cd5]" time="0.004" /><testcase classname="tests.test_R26_词首并入_token.TestHeadMergePositive" name="test_head_merge[\u7684]" time="0.002" /><testcase classname="tests.test_R26_词首并入_token.TestHeadMergePositive" name="test_head_merge[\u5219]" time="0.003" /><testcase classname="tests.test_R26_词首并入_token.TestHeadMergePositive" name="test_head_merge[\u5bf9]" time="0.004" /><testcase classname="tests.test_R26_词首并入_token.TestHeadMergePositive" name="test_head_merge[\u957f]" time="0.002" /><testcase classname="tests.test_R29_CCW表分批精简_token" name="test_ccw_retained_entries" time="0.001" /><testcase classname="tests.test_R27_CS表16字词首并入_token.Test正向词首并入" name="test_整词成IDENTIFIER[\u52a0\u6570]" time="0.002" /><testcase classname="tests.test_R27_CS表16字词首并入_token.Test正向词首并入" name="test_整词成IDENTIFIER[\u6a21\u7ec4]" time="0.002" /><testcase classname="tests.test_R23_词法边界_反向" name="test_kw_name_structure_split[\u5982\u679c \u6761\u4ef6-\u5982\u679c]" time="0.005" /><testcase classname="tests.test_R23_词法边界_反向" name="test_kw_name_structure_split[\u904d\u5386 \u5143\u7d20-\u904d\u5386]" time="0.008" /><testcase classname="tests.test_R26_词首并入_token.TestHeadMergePositive" name="test_head_merge[\u8fc7]" time="0.002" /><testcase classname="tests.test_R26_词首并入_token.TestHeadMergePositive" name="test_head_merge[\u81ea]" time="0.003" /><testcase classname="tests.test_R26_词首并入_token.TestHeadMergePositive" name="test_head_merge[\u662f]" time="0.005" /><testcase classname="tests.test_R29_CCW表分批精简_token" name="test_bitwise_and_retained" time="0.003" /><testcase classname="tests.test_R29_CCW表分批精简_token" name="test_bitwise_xor_retained" time="0.007" /><testcase classname="tests.test_R24_的递归_token" name="test_de_recursion_contract[\u6211\u7684\u51fd\u6570\u7684\u53c2\u6570-expect3]" time="0.008" /><testcase classname="tests.test_R24_的递归_token" name="test_de_recursion_contract[\u7532\u7684-expect4]" time="0.002" /><testcase classname="tests.test_R24_的递归_token" name="test_de_recursion_contract[\u51fd\u6570\u7684\u53c2\u6570-expect5]" time="0.003" /><testcase classname="tests.test_R24_的递归_token" name="test_de_recursion_contract[\u7684-expect6]" time="0.002" /><testcase classname="tests.test_R24_的递归_token" name="test_de_recursion_contract[\u7532 \u7684 \u4e66-expect7]" time="0.002" /><testcase classname="tests.test_R24_的递归_token" name="test_de_recursion_contract[\u7532\u7684 \u4e59-expect8]" time="0.003" /><testcase classname="tests.test_R24_的递归_token" name="test_de_does_not_swallow_newline" time="0.002" /><testcase classname="tests.test_R24_的递归_token" name="test_de_does_not_swallow_punct" time="0.002" /><testcase classname="tests.test_R24_的递归_token" name="test_zi_member_access_consistent[\u81ea\u4e4b\u59d3\u540d-head0]" time="0.005" /><testcase classname="tests.test_R24_的递归_token" name="test_zi_member_access_consistent[\u5370 \u81ea\u4e4b\u59d3\u540d-head1]" time="0.002" /><testcase classname="tests.test_R24_的递归_token" name="test_zi_member_access_consistent[\u8fd4\u56de \u81ea\u4e4b\u59d3\u540d-head2]" time="0.003" /><testcase classname="tests.test_R25_单字后缀_token" name="test_tail_merge_forward[\u6587\u4ef6\u672a\u627e\u5230]" time="0.002" /><testcase classname="tests.test_R25_单字后缀_token" name="test_tail_merge_forward[\u6536\u5230]" time="0.002" /><testcase classname="tests.test_R27_CS表16字词首并入_token.Test正向词首并入" name="test_整词成IDENTIFIER[\u6a21\u578b\u540d]" time="0.002" /><testcase classname="tests.test_R27_CS表16字词首并入_token.Test正向词首并入" name="test_整词成IDENTIFIER[\u771f\u7a7a]" time="0.003" /><testcase classname="tests.test_R27_CS表16字词首并入_token.Test正向词首并入" name="test_整词成IDENTIFIER[\u771f\u5b9e\u503c]" time="0.002" /><testcase classname="tests.test_R25_单字后缀_token" name="test_tail_merge_forward[\u9996\u5f02\u5e38]" time="0.002" /><testcase classname="tests.test_R25_单字后缀_token" name="test_tail_merge_forward[\u5e38\u6570]" time="0.001" /><testcase classname="tests.test_R25_单字后缀_token" name="test_tail_merge_forward[\u6700\u540e\u7d22\u5f15]" time="0.003" /><testcase classname="tests.test_R26_词首并入_token.TestHeadMergePositive" name="test_head_merge[\u51fa]" time="0.002" /><testcase classname="tests.test_R26_词首并入_token.TestHeadMergePositive" name="test_head_merge[\u5f15]" time="0.002" /><testcase classname="tests.test_R26_词首并入_token.TestHeadMergePositive" name="test_head_merge[\u52a0]" time="0.002" /><testcase classname="tests.test_R26_词首并入_token.TestHeadMergePositive" name="test_head_merge[\u51cf]" time="0.002" /><testcase classname="tests.test_R26_词首并入_token.TestHeadMergePositive" name="test_head_merge[\u4e58]" time="0.002" /><testcase classname="tests.test_R27_CS表16字词首并入_token.Test正向词首并入" name="test_整词成IDENTIFIER[\u7a7a\u683c]" time="0.003" /><testcase classname="tests.test_R27_CS表16字词首并入_token.Test正向词首并入" name="test_整词成IDENTIFIER[\u7a7a\u767d\u9875]" time="0.002" /><testcase classname="tests.test_R26_词首并入_token.TestHeadMergePositive" name="test_head_merge[\u9664]" time="0.003" /><testcase classname="tests.test_R26_词首并入_token.TestHeadMergePositive" name="test_head_merge[\u7c7b]" time="0.002" /><testcase classname="tests.test_R26_词首并入_token.TestHeadMergePositive" name="test_head_merge[\u6a21]" time="0.004" /><testcase classname="tests.test_R24_的递归_token" name="test_zi_member_access_dotted_chain" time="0.003" /><testcase classname="tests.test_R24_的递归_token" name="test_zi_not_merged_into_single_identifier" time="0.002" /><testcase classname="tests.test_R24_的递归_token" name="test_operator_single_guard[\u7532\u52a0\u4e59-expect0]" time="0.002" /><testcase classname="tests.test_R26_词首并入_token.TestHeadMergePositive" name="test_head_merge[\u63a5]" time="0.003" /><testcase classname="tests.test_R26_词首并入_token.TestHeadMergePositive" name="test_head_merge[\u8bd5]" time="0.003" /><testcase classname="tests.test_R26_词首并入_token.TestHeadMergePositive" name="test_head_merge[\u8df3]" time="0.002" /><testcase classname="tests.test_R26_词首并入_token.TestHeadMergePositive" name="test_head_merge[\u9996]" time="0.003" /><testcase classname="tests.test_R24_的递归_token" name="test_operator_single_guard[\u7532\u51cf\u4e59-expect1]" time="0.002" /><testcase classname="tests.test_R24_的递归_token" name="test_operator_single_guard[\u7532\u4e58\u4e59-expect2]" time="0.002" /><testcase classname="tests.test_R24_的递归_token" name="test_operator_single_guard[\u7532\u9664\u4e59-expect3]" time="0.002" /><testcase classname="tests.test_R24_的递归_token" name="test_operator_single_guard[\u7532 \u52a0 \u4e59-expect4]" time="0.002" /><testcase classname="tests.test_R20_词法边界" name="test_keyword_prefix_identifier_keeps_whole[\u7b5b\u9009\u5668]" time="0.003" /><testcase classname="tests.test_R20_词法边界" name="test_keyword_prefix_identifier_keeps_whole[\u6c42\u548c\u51fd\u6570]" time="0.002" /><testcase classname="tests.test_R20_词法边界" name="test_keyword_prefix_identifier_keeps_whole[\u6c42\u6700\u5927\u503c]" time="0.005" /><testcase classname="tests.test_R20_词法边界" name="test_keyword_prefix_identifier_keeps_whole[\u8bfb\u53d6\u5668]" time="0.002" /><testcase classname="tests.test_R20_词法边界" name="test_keyword_prefix_identifier_keeps_whole[\u8f93\u51fa\u6d41]" time="0.004" /><testcase classname="tests.test_R23_词法边界_反向" name="test_kw_name_structure_split[\u7b49\u5f85 \u7ed3\u679c-\u7b49\u5f85]" time="0.004" /><testcase classname="tests.test_R23_词法边界_反向" name="test_kw_name_structure_split[\u6355\u83b7 \u5f02\u5e38-\u6355\u83b7]" time="0.002" /><testcase classname="tests.test_R23_词法边界_反向" name="test_kw_name_structure_split[\u8bbe \u503c \u4e3a 1-\u8bbe]" time="0.003" /><testcase classname="tests.test_R23_词法边界_反向" name="test_unspaced_kw_prefix_split[\u5982\u679c\u6761\u4ef6-\u5982\u679c]" time="0.003" /><testcase classname="tests.test_R26_词首并入_token.TestHeadMergePositive" name="test_head_merge[\u672b]" time="0.002" /><testcase classname="tests.test_R26_词首并入_token.TestHeadMergePositive" name="test_head_merge[\u4f59]" time="0.002" /><testcase classname="tests.test_R26_词首并入_token.TestHeadMergePositive" name="test_head_merge[\u914d]" time="0.002" /><testcase classname="tests.test_R26_词首并入_token.TestHeadMergePositive" name="test_head_merge[\u4f8b]" time="0.002" /><testcase classname="tests.test_R24_的递归_token" name="test_operator_single_guard[\u7532 \u4f59 \u4e59-expect5]" time="0.002" /><testcase classname="tests.test_R24_的递归_token" name="test_operator_single_guard[\u52a0\u6cd5-expect6]" time="0.002" /><testcase classname="tests.test_R24_的递归_token" name="test_operator_single_guard[\u51cf\u6cd5-expect7]" time="0.002" /><testcase classname="tests.test_R24_的递归_token" name="test_operator_single_guard[\u4e58\u6cd5\u8868-expect8]" time="0.003" /><testcase classname="tests.test_R27_CS表16字词首并入_token.Test正向词首并入" name="test_整词成IDENTIFIER[\u9664\u6cd5]" time="0.002" /><testcase classname="tests.test_R27_CS表16字词首并入_token.Test正向词首并入" name="test_整词成IDENTIFIER[\u9664\u975e\u540d]" time="0.002" /><testcase classname="tests.test_R27_CS表16字词首并入_token.Test正向词首并入" name="test_整词成IDENTIFIER[\u5bf9\u7acb]" time="0.002" /><testcase classname="tests.test_R27_CS表16字词首并入_token.Test正向词首并入" name="test_整词成IDENTIFIER[\u5bf9\u8c61\u540d]" time="0.002" /><testcase classname="tests.test_R27_CS表16字词首并入_token.Test正向词首并入" name="test_整词成IDENTIFIER[\u662f\u5426]" time="0.002" /><testcase classname="tests.test_R26_词首并入_token.TestHeadMergePositive" name="test_head_merge[\u65ad]" time="0.002" /><testcase classname="tests.test_R26_词首并入_token.TestHeadMergePositive" name="test_head_merge[\u5e38]" time="0.002" /><testcase classname="tests.test_R26_词首并入_token.TestHeadMergePositive" name="test_head_merge[\u5230]" time="0.002" /><testcase classname="tests.test_R26_词首并入_token.TestHeadMergePositive" name="test_head_merge_at_assignment_target[\u5217]" time="0.004" /><testcase classname="tests.test_R25_单字后缀_token" name="test_tail_merge_forward[\u5f15\u7528]" time="0.002" /><testcase classname="tests.test_R25_单字后缀_token" name="test_tail_merge_forward[\u7b26\u53f7\u94fe\u63a5]" time="0.002" /><testcase classname="tests.test_R25_单字后缀_token" name="test_tail_merge_forward[\u8fde\u63a5]" time="0.002" /><testcase classname="tests.test_R25_单字后缀_token" name="test_tail_merge_forward[\u622a\u65ad]" time="0.004" /><testcase classname="tests.test_R25_单字后缀_token" name="test_tail_merge_forward[\u4e2d\u65ad]" time="0.001" /><testcase classname="tests.test_R26_词首并入_token.TestHeadMergePositive" name="test_head_merge_at_assignment_target[\u6bb5]" time="0.002" /><testcase classname="tests.test_R26_词首并入_token.TestHeadMergePositive" name="test_head_merge_at_assignment_target[\u7a7a]" time="0.002" /><testcase classname="tests.test_R26_词首并入_token.TestHeadMergePositive" name="test_head_merge_at_assignment_target[\u771f]" time="0.001" /><testcase classname="tests.test_R26_词首并入_token.TestHeadMergePositive" name="test_head_merge_at_assignment_target[\u7684]" time="0.001" /><testcase classname="tests.test_R26_词首并入_token.TestHeadMergePositive" name="test_head_merge_at_assignment_target[\u5219]" time="0.002" /><testcase classname="tests.test_R25_单字后缀_token" name="test_tail_merge_forward[\u6708\u672b]" time="0.002" /><testcase classname="tests.test_R25_单字后缀_token" name="test_tail_merge_forward[\u672b\u5c3e]" time="0.002" /><testcase classname="tests.test_R25_单字后缀_token" name="test_tail_merge_forward[\u6210\u7ee9\u7684\u957f\u5ea6]" time="0.001" /><testcase classname="tests.test_R25_单字后缀_token" name="test_tail_merge_forward[\u6807\u51c6\u8f93\u51fa\u5931\u771f]" time="0.002" /><testcase classname="tests.test_R25_单字后缀_token" name="test_tail_merge_forward[\u5168\u771f]" time="0.001" /><testcase classname="tests.test_R25_单字后缀_token" name="test_tail_merge_forward[\u6709\u754c\u961f\u5217\u7c7b]" time="0.002" /><testcase classname="tests.test_R26_词首并入_token.TestHeadMergePositive" name="test_head_merge_at_assignment_target[\u5bf9]" time="0.002" /><testcase classname="tests.test_R26_词首并入_token.TestHeadMergePositive" name="test_head_merge_at_assignment_target[\u957f]" time="0.002" /><testcase classname="tests.test_R26_词首并入_token.TestHeadMergePositive" name="test_head_merge_at_assignment_target[\u8fc7]" time="0.002" /><testcase classname="tests.test_R27_CS表16字词首并入_token.Test正向词首并入" name="test_整词成IDENTIFIER[\u662f\u5426\u503c]" time="0.002" /><testcase classname="tests.test_R27_CS表16字词首并入_token.Test正向词首并入" name="test_整词成IDENTIFIER[\u6bb5\u843d\u540d]" time="0.002" /><testcase classname="tests.test_R27_CS表16字词首并入_token.Test正向词首并入" name="test_整词成IDENTIFIER[\u6bb5\u9996]" time="0.002" /><testcase classname="tests.test_R27_CS表16字词首并入_token.Test正向词首并入" name="test_整词成IDENTIFIER[\u7684\u786e]" time="0.002" /><testcase classname="tests.test_R29_CCW表分批精简_token" name="test_bitwise_or_retained" time="0.002" /><testcase classname="tests.test_R29_CCW表分批精简_token" name="test_bitwise_not_retained" time="0.002" /><testcase classname="tests.test_R29_CCW表分批精简_token" name="test_zero_division_error_retained" time="0.002" /><testcase classname="tests.test_R29_CCW表分批精简_token" name="test_yingdang_retained" time="0.002" /><testcase classname="tests.test_R29_CCW表分批精简_token" name="test_chufei_retained" time="0.002" /><testcase classname="tests.test_R29_CCW表分批精简_token" name="test_test_generate_greeting_retained" time="0.005" /><testcase classname="tests.test_R29_CCW表分批精简_token" name="test_mici_retained" time="0.002" /><testcase classname="tests.test_R29_CCW表分批精简_token" name="test_jiluleixing_retained" time="0.003" /><testcase classname="tests.test_R29_CCW表分批精简_token" name="test_async_write_file_deleted" time="0.002" /><testcase classname="tests.test_R27_CS表16字词首并入_token.Test正向词首并入" name="test_整词成IDENTIFIER[\u7684\u786e\u7387]" time="0.002" /><testcase classname="tests.test_R27_CS表16字词首并入_token.Test正向词首并入" name="test_整词成IDENTIFIER[\u81ea\u5df1]" time="0.002" /><testcase classname="tests.test_R27_CS表16字词首并入_token.Test正向词首并入" name="test_整词成IDENTIFIER[\u81ea\u7136\u6570]" time="0.002" /><testcase classname="tests.test_R27_CS表16字词首并入_token.Test正向词首并入" name="test_整词成IDENTIFIER[\u914d\u7f6e]" time="0.001" /><testcase classname="tests.test_R27_CS表16字词首并入_token.Test正向词首并入" name="test_整词成IDENTIFIER[\u914d\u5bf9]" time="0.001" /><testcase classname="tests.test_R27_CS表16字词首并入_token.Test正向词首并入" name="test_整词成IDENTIFIER[\u5217\u6570]" time="0.001" /><testcase classname="tests.test_R27_CS表16字词首并入_token.Test正向词首并入" name="test_整词成IDENTIFIER[\u5217\u8868\u9879]" time="0.002" /><testcase classname="tests.test_R29_CCW表分批精简_token" name="test_async_sleep_deleted" time="0.001" /><testcase classname="tests.test_R29_CCW表分批精简_token" name="test_async_read_file_deleted" time="0.002" /><testcase classname="tests.test_R29_CCW表分批精简_token" name="test_async_append_file_deleted" time="0.002" /><testcase classname="tests.test_R29_CCW表分批精简_token" name="test_concurrent_wait_deleted" time="0.004" /><testcase classname="tests.test_R29_CCW表分批精简_token" name="test_import_error_deleted" time="0.002" /><testcase classname="tests.test_R29_CCW表分批精简_token" name="test_type_error_deleted" time="0.002" /><testcase classname="tests.test_R29_CCW表分批精简_token" name="test_shezhizhen_deleted" time="0.007" /><testcase classname="tests.test_R29_CCW表分批精简_token" name="test_shezhi_deleted" time="0.002" /><testcase classname="tests.test_R29_CCW表分批精简_token" name="test_dijiguanbi_deleted" time="0.001" /><testcase classname="tests.test_R27_CS表16字词首并入_token.Test正向词首并入" name="test_整词成IDENTIFIER[\u7c7b\u522b\u540d]" time="0.002" /><testcase classname="tests.test_R27_CS表16字词首并入_token.Test正向词首并入" name="test_整词成IDENTIFIER[\u5206\u7c7b\u53f7]" time="0.002" /><testcase classname="tests.test_R27_CS表16字词首并入_token.Test正向词首并入" name="test_A类可作实参[\u4e58\u6cd5]" time="0.001" /><testcase classname="tests.test_R27_CS表16字词首并入_token.Test正向词首并入" name="test_A类可作实参[\u4e58\u79ef]" time="0.002" /><testcase classname="tests.test_R27_CS表16字词首并入_token.Test正向词首并入" name="test_A类可作实参[\u51cf\u6cd5]" time="0.002" /><testcase classname="tests.test_R27_CS表16字词首并入_token.Test正向词首并入" name="test_A类可作实参[\u51cf\u901f]" time="0.002" /><testcase classname="tests.test_R23_词法边界_反向" name="test_unspaced_kw_prefix_split[\u904d\u5386\u5143\u7d20-\u904d\u5386]" time="0.003" /><testcase classname="tests.test_R23_词法边界_反向" name="test_unspaced_kw_prefix_split[\u6355\u83b7\u5f02\u5e38-\u6355\u83b7]" time="0.002" /><testcase classname="tests.test_R23_词法边界_反向" name="test_unspaced_await_verb_compound_merged" time="0.001" /><testcase classname="tests.test_R23_词法边界_反向" name="test_operators_split[\u7532 \u4e0e \u4e59-\u4e0e]" time="0.002" /><testcase classname="tests.test_R27_CS表16字词首并入_token.Test正向词首并入" name="test_A类可作实参[\u5230\u4f4d]" time="0.002" /><testcase classname="tests.test_R27_CS表16字词首并入_token.Test正向词首并入" name="test_A类可作实参[\u5230\u8fbe]" time="0.002" /><testcase classname="tests.test_R27_CS表16字词首并入_token.Test正向词首并入" name="test_A类可作实参[\u52a0\u6cd5]" time="0.002" /><testcase classname="tests.test_R27_CS表16字词首并入_token.Test正向词首并入" name="test_A类可作实参[\u52a0\u6570]" time="0.001" /><testcase classname="tests.test_R23_词法边界_反向" name="test_operators_split[\u7532 \u6216 \u4e59-\u6216]" time="0.002" /><testcase classname="tests.test_R23_词法边界_反向" name="test_operators_split[\u975e \u7532-\u975e]" time="0.002" /><testcase classname="tests.test_R23_词法边界_反向" name="test_operators_split[\u7532 \u7b49\u4e8e \u4e59-\u7b49\u4e8e]" time="0.002" /><testcase classname="tests.test_R23_词法边界_反向" name="test_operators_split[\u7532 \u5927\u4e8e \u4e59-\u5927\u4e8e]" time="0.002" /><testcase classname="tests.test_R23_词法边界_反向" name="test_operators_split[\u7532 \u5c0f\u4e8e \u4e59-\u5c0f\u4e8e]" time="0.002" /><testcase classname="tests.test_R24_的递归_token" name="test_operator_single_guard[\u4f59\u6570-expect9]" time="0.002" /><testcase classname="tests.test_R24_的递归_token" name="test_operator_single_guard[\u7532\u4f59\u4e59-expect10]" time="0.003" /><testcase classname="tests.test_R24_的递归_token" name="test_operator_run_not_split_by_sep_gate" time="0.002" /><testcase classname="tests.test_R24_的递归_token" name="test_sep_gate_blocks_merge_but_not_arithmetic" time="0.003" /><testcase classname="tests.test_R23_词法边界_反向" name="test_unspaced_arithmetic_split" time="0.002" /><testcase classname="tests.test_R23_词法边界_反向" name="test_name_connector_still_split" time="0.002" /><testcase classname="tests.test_R23_词法边界_反向" name="test_type_kw_still_split" time="0.003" /><testcase classname="tests.test_R23_词法边界_反向" name="test_definition_kw_still_split" time="0.001" /><testcase classname="tests.test_R23_词法边界_反向" name="test_control_flow_heads[\u5982\u679c]" time="0.002" /><testcase classname="tests.test_R23_词法边界_反向" name="test_control_flow_heads[\u5426\u5219]" time="0.002" /><testcase classname="tests.test_R23_词法边界_反向" name="test_control_flow_heads[\u904d\u5386]" time="0.002" /><testcase classname="tests.test_R23_词法边界_反向" name="test_control_flow_heads[\u5c1d\u8bd5]" time="0.002" /><testcase classname="tests.test_R24_的递归_token" name="test_value_literal_standalone_is_keyword[\u8bbe \u7532 \u4e3a \u771f-expect0]" time="0.003" /><testcase classname="tests.test_R24_的递归_token" name="test_value_literal_standalone_is_keyword[\u8bbe \u7532 \u4e3a \u7a7a-expect1]" time="0.002" /><testcase classname="tests.test_R24_的递归_token" name="test_value_literal_standalone_is_keyword[\u8bbe \u7532 \u4e3a \u5047-expect2]" time="0.002" /><testcase classname="tests.test_R24_的递归_token" name="test_value_literal_compound_merged[\u771f\u5b9e]" time="0.002" /><testcase classname="tests.test_R24_的递归_token" name="test_value_literal_compound_merged[\u7a7a\u767d]" time="0.001" /><testcase classname="tests.test_R24_的递归_token" name="test_value_literal_compound_merged[\u7a7a\u503c]" time="0.001" /><testcase classname="tests.test_R24_的递归_token" name="test_value_literal_compound_merged[\u771f\u7a7a]" time="0.002" /><testcase classname="tests.test_R24_的递归_token" name="test_value_literal_compound_merged[\u771f\u5047\u6807\u5fd7]" time="0.001" /><testcase classname="tests.test_R24_的递归_token" name="test_value_literal_false_prefixed_name_merged_in_call" time="0.001" /><testcase classname="tests.test_R24_的递归_token" name="test_free_names_not_split[\u53bb\u9664\u7a7a\u683c-expect0]" time="0.002" /><testcase classname="tests.test_R25_单字后缀_token" name="test_tail_merge_forward[\u5b57\u5178\u7c7b]" time="0.003" /><testcase classname="tests.test_R25_单字后缀_token" name="test_tail_merge_forward[\u6d4b\u8bd5]" time="0.003" /><testcase classname="tests.test_R25_单字后缀_token" name="test_tail_merge_forward[\u6d4b\u8bd5\u7528\u4f8b]" time="0.002" /><testcase classname="tests.test_R25_单字后缀_token" name="test_tail_merge_forward[\u6700\u540e\u5fc3\u8df3\u8df3\u8fc7]" time="0.003" /><testcase classname="tests.test_R25_单字后缀_token" name="test_tail_merge_forward[\u901a\u8fc7]" time="0.001" /><testcase classname="tests.test_R25_单字后缀_token" name="test_tail_merge_forward[\u8fc7\u6ee4\u5668]" time="0.002" /><testcase classname="tests.test_R26_词首并入_token.TestHeadMergePositive" name="test_head_merge_at_assignment_target[\u81ea]" time="0.001" /><testcase classname="tests.test_R26_词首并入_token.TestHeadMergePositive" name="test_head_merge_at_assignment_target[\u662f]" time="0.002" /><testcase classname="tests.test_R26_词首并入_token.TestHeadMergePositive" name="test_head_merge_at_assignment_target[\u51fa]" time="0.002" /><testcase classname="tests.test_R26_词首并入_token.TestHeadMergePositive" name="test_head_merge_at_assignment_target[\u5f15]" time="0.001" /><testcase classname="tests.test_R26_词首并入_token.TestHeadMergePositive" name="test_head_merge_at_assignment_target[\u52a0]" time="0.001" /><testcase classname="tests.test_R26_词首并入_token.TestHeadMergePositive" name="test_head_merge_at_assignment_target[\u51cf]" time="0.001" /><testcase classname="tests.test_R25_单字后缀_token" name="test_tail_merge_forward[\u5757\u957f]" time="0.001" /><testcase classname="tests.test_R25_单字后缀_token" name="test_tail_merge_forward[\u957f\u5ea6]" time="0.002" /><testcase classname="tests.test_R25_单字后缀_token" name="test_tail_merge_forward[\u914d\u7f6e\u9879]" time="0.002" /><testcase classname="tests.test_R25_单字后缀_token" name="test_tail_merge_forward[\u914d\u989d]" time="0.002" /><testcase classname="tests.test_R25_单字后缀_token" name="test_tail_merge_forward[\u4ee3\u7801\u6bb5]" time="0.004" /><testcase classname="tests.test_R25_单字后缀_token" name="test_tail_merge_forward[\u9636\u6bb5]" time="0.003" /><testcase classname="tests.test_R25_单字后缀_token" name="test_boundary_value_literal" time="0.002" /><testcase classname="tests.test_R26_词首并入_token.TestHeadMergePositive" name="test_head_merge_at_assignment_target[\u4e58]" time="0.001" /><testcase classname="tests.test_R23_词法边界_反向" name="test_control_flow_heads[\u6355\u83b7]" time="0.002" /><testcase classname="tests.test_R23_词法边界_反向" name="test_control_flow_heads[\u51fd\u6570]" time="0.002" /><testcase classname="tests.test_R23_词法边界_反向" name="test_control_flow_heads[\u6bb5\u843d]" time="0.001" /><testcase classname="tests.test_R23_词法边界_反向" name="test_control_flow_heads[\u7c7b\u578b]" time="0.001" /><testcase classname="tests.test_R26_词首并入_token.TestHeadMergePositive" name="test_head_merge_at_assignment_target[\u9664]" time="0.001" /><testcase classname="tests.test_R26_词首并入_token.TestHeadMergePositive" name="test_head_merge_at_assignment_target[\u7c7b]" time="0.002" /><testcase classname="tests.test_R26_词首并入_token.TestHeadMergePositive" name="test_head_merge_at_assignment_target[\u6a21]" time="0.002" /><testcase classname="tests.test_R26_词首并入_token.TestHeadMergePositive" name="test_head_merge_at_assignment_target[\u63a5]" time="0.002" /><testcase classname="tests.test_R26_词首并入_token.TestHeadMergePositive" name="test_head_merge_at_assignment_target[\u8bd5]" time="0.002" /><testcase classname="tests.test_R23_词法边界_反向" name="test_tokens_are_subsequence[\u5904\u7406\u51fd\u6570]" time="0.001" /><testcase classname="tests.test_R23_词法边界_反向" name="test_tokens_are_subsequence[\u53ef\u6253\u5370]" time="0.002" /><testcase classname="tests.test_R23_词法边界_反向" name="test_tokens_are_subsequence[\u6211\u7684\u6807\u51c6\u5e93]" time="0.001" /><testcase classname="tests.test_R23_词法边界_反向" name="test_tokens_are_subsequence[\u5b66\u751f\u6a21\u5757]" time="0.001" /><testcase classname="tests.test_R23_词法边界_反向" name="test_tokens_are_subsequence[\u8f93\u51fa\u683c\u5f0f]" time="0.001" /><testcase classname="tests.test_R23_词法边界_反向" name="test_tokens_are_subsequence[\u6253\u5370\u7532]" time="0.002" /><testcase classname="tests.test_R23_词法边界_反向" name="test_tokens_are_subsequence[\u6a21\u5757\u7532]" time="0.001" /><testcase classname="tests.test_R26_词首并入_token.TestHeadMergePositive" name="test_head_merge_at_assignment_target[\u8df3]" time="0.002" /><testcase classname="tests.test_R26_词首并入_token.TestHeadMergePositive" name="test_head_merge_at_assignment_target[\u9996]" time="0.001" /><testcase classname="tests.test_R26_词首并入_token.TestHeadMergePositive" name="test_head_merge_at_assignment_target[\u672b]" time="0.001" /><testcase classname="tests.test_R26_词首并入_token.TestHeadMergePositive" name="test_head_merge_at_assignment_target[\u4f59]" time="0.001" /><testcase classname="tests.test_R26_词首并入_token.TestHeadMergePositive" name="test_head_merge_at_assignment_target[\u914d]" time="0.001" /><testcase classname="tests.test_R26_词首并入_token.TestHeadMergePositive" name="test_head_merge_at_assignment_target[\u4f8b]" time="0.001" /><testcase classname="tests.test_R26_词首并入_token.TestHeadMergePositive" name="test_head_merge_at_assignment_target[\u65ad]" time="0.001" /><testcase classname="tests.test_R26_词首并入_token.TestHeadMergePositive" name="test_head_merge_at_assignment_target[\u5e38]" time="0.002" /><testcase classname="tests.test_R23_词法边界_反向" name="test_tokens_are_subsequence[\u6807\u51c6\u5e93\u7532]" time="0.001" /><testcase classname="tests.test_R25_单字后缀_token" name="test_boundary_subscript_alias" time="0.003" /><testcase classname="tests.test_R27_CS表16字词首并入_token.Test正向词首并入" name="test_A类可作实参[\u6a21\u7ec4]" time="0.001" /><testcase classname="tests.test_R20_词法边界" name="test_keyword_prefix_identifier_keeps_whole[\u8c03\u8bd5\u5668]" time="0.002" /><testcase classname="tests.test_R24_的递归_token" name="test_free_names_not_split[\u7d22\u5f15-expect1]" time="0.001" /><testcase classname="tests.test_R26_词首并入_token.TestHeadMergePositive" name="test_head_merge_at_assignment_target[\u5230]" time="0.002" /><testcase classname="tests.test_R29_CCW表分批精简_token" name="test_shengchengfenxi_deleted" time="0.004" /><testcase classname="tests.test_R23_词法边界_反向" name="test_tokens_are_subsequence[\u81ea\u5df1]" time="0.001" /><testcase classname="tests.test_R25_单字后缀_token" name="test_boundary_control_flow" time="0.002" /><testcase classname="tests.test_R27_CS表16字词首并入_token.Test正向词首并入" name="test_A类可作实参[\u6a21\u578b\u540d]" time="0.001" /><testcase classname="tests.test_R20_词法边界" name="test_keyword_prefix_identifier_keeps_whole[\u8df3\u8fc7\u6807\u8bb0]" time="0.003" /><testcase classname="tests.test_R24_的递归_token" name="test_free_names_not_split[\u79cd\u7c7b-expect2]" time="0.002" /><testcase classname="tests.test_R26_词首并入_token.TestHeadMergePositive" name="test_head_merge_not_split_into_keyword[\u5217]" time="0.002" /><testcase classname="tests.test_R23_词法边界_反向" name="test_tokens_are_subsequence[\u9519\u8bef\u5df1]" time="0.001" /><testcase classname="tests.test_R29_CCW表分批精简_token" name="test_zuizhongdaan_deleted" time="0.002" /><testcase classname="tests.test_R25_单字后缀_token" name="test_boundary_range_operator" time="0.002" /><testcase classname="tests.test_R27_CS表16字词首并入_token.Test正向词首并入" name="test_A类可作实参[\u771f\u7a7a]" time="0.001" /><testcase classname="tests.test_R20_词法边界" name="test_keyword_prefix_identifier_keeps_whole[\u7ee7\u7eed\u6807\u8bb0]" time="0.002" /><testcase classname="tests.test_R24_的递归_token" name="test_free_names_not_split[\u9636\u4e58-expect3]" time="0.003" /><testcase classname="tests.test_R26_词首并入_token.TestHeadMergePositive" name="test_head_merge_not_split_into_keyword[\u6bb5]" time="0.001" /><testcase classname="tests.test_R23_词法边界_反向" name="test_tokens_are_subsequence[\u5f02\u6b65\u8bfb\u53d6\u6587\u4ef6]" time="0.001" /><testcase classname="tests.test_R29_CCW表分批精简_token" name="test_dangran_deleted" time="0.003" /><testcase classname="tests.test_R25_单字后缀_token" name="test_boundary_structure_particle" time="0.002" /><testcase classname="tests.test_R27_CS表16字词首并入_token.Test正向词首并入" name="test_A类可作实参[\u771f\u5b9e\u503c]" time="0.001" /><testcase classname="tests.test_R20_词法边界" name="test_keyword_prefix_identifier_keeps_whole[\u7b49\u5f85\u5668]" time="0.004" /><testcase classname="tests.test_R24_的递归_token" name="test_free_names_not_split[10\u7684\u5e42-expect4]" time="0.001" /><testcase classname="tests.test_R26_词首并入_token.TestHeadMergePositive" name="test_head_merge_not_split_into_keyword[\u7a7a]" time="0.002" /><testcase classname="tests.test_R23_词法边界_反向" name="test_tokens_are_subsequence[\u5e38\u91cf\u65f6\u95f4\u6bd4\u8f83]" time="0.001" /><testcase classname="tests.test_R25_单字后缀_token" name="test_boundary_arithmetic_operator" time="0.002" /><testcase classname="tests.test_R29_CCW表分批精简_token" name="test_dangqian_deleted" time="0.004" /><testcase classname="tests.test_R27_CS表16字词首并入_token.Test正向词首并入" name="test_A类可作实参[\u7a7a\u683c]" time="0.001" /><testcase classname="tests.test_R24_的递归_token" name="test_compound_safe_table_is_0" time="0.001" /><testcase classname="tests.test_R20_词法边界" name="test_keyword_prefix_identifier_keeps_whole[\u63a8\u8fdf\u6267\u884c]" time="0.002" /><testcase classname="tests.test_R26_词首并入_token.TestHeadMergePositive" name="test_head_merge_not_split_into_keyword[\u771f]" time="0.002" /><testcase classname="tests.test_R23_词法边界_反向" name="test_tokens_are_subsequence[\u7b49\u4e8e\u7a7a\u90a3\u4e48]" time="0.001" /><testcase classname="tests.test_R25_单字后缀_token" name="test_mixed_same_line_multiple_tail" time="0.001" /><testcase classname="tests.test_R29_CCW表分批精简_token" name="test_kaiqitiaoshi_deleted" time="0.002" /><testcase classname="tests.test_R27_CS表16字词首并入_token.Test正向词首并入" name="test_A类可作实参[\u7a7a\u767d\u9875]" time="0.002" /><testcase classname="tests.test_R24_的递归_token" name="test_retained_single_chars_present[\u4f8b]" time="0.002" /><testcase classname="tests.test_R20_词法边界" name="test_keyword_prefix_identifier_keeps_whole[\u6620\u5c04\u8868]" time="0.004" /><testcase classname="tests.test_R26_词首并入_token.TestHeadMergePositive" name="test_head_merge_not_split_into_keyword[\u7684]" time="0.002" /><testcase classname="tests.test_R23_词法边界_反向" name="test_tokens_are_subsequence[\u9664\u7c7b\u578b\u9519\u8bef]" time="0.001" /><testcase classname="tests.test_R25_单字后缀_token" name="test_mixed_nested_and_list_and_dict" time="0.002" /><testcase classname="tests.test_R29_CCW表分批精简_token" name="test_hanshuduixiang_deleted" time="0.002" /><testcase classname="tests.test_R27_CS表16字词首并入_token.Test正向词首并入" name="test_A类可作实参[\u9664\u6cd5]" time="0.001" /><testcase classname="tests.test_R20_词法边界" name="test_keyword_prefix_identifier_keeps_whole[\u52a0\u8f7d\u5668]" time="0.002" /><testcase classname="tests.test_R26_词首并入_token.TestHeadMergePositive" name="test_head_merge_not_split_into_keyword[\u5219]" time="0.001" /><testcase classname="tests.test_R29_CCW表分批精简_token" name="test_changliangshijianbijiao_deleted" time="0.002" /><testcase classname="tests.test_R24_的递归_token" name="test_retained_single_chars_present[\u51fa]" time="0.001" /><testcase classname="tests.test_R27_CS表16字词首并入_token.Test正向词首并入" name="test_A类可作实参[\u9664\u975e\u540d]" time="0.001" /><testcase classname="tests.test_R20_词法边界" name="test_keyword_prefix_identifier_keeps_whole[\u5173\u95ed\u6807\u8bb0]" time="0.002" /><testcase classname="tests.test_R26_词首并入_token.TestHeadMergePositive" name="test_head_merge_not_split_into_keyword[\u5bf9]" time="0.001" /><testcase classname="tests.test_R29_CCW表分批精简_token" name="test_zhengzepipei_deleted" time="0.002" /><testcase classname="tests.test_R24_的递归_token" name="test_retained_single_chars_present[\u5219]" time="0.001" /><testcase classname="tests.test_R27_CS表16字词首并入_token.Test正向词首并入" name="test_B类可作列表元素[\u5bf9\u7acb]" time="0.001" /><testcase classname="tests.test_R20_词法边界" name="test_keyword_prefix_identifier_keeps_whole[\u5f00\u542f\u6807\u8bb0]" time="0.004" /><testcase classname="tests.test_R26_词首并入_token.TestHeadMergePositive" name="test_head_merge_not_split_into_keyword[\u957f]" time="0.001" /><testcase classname="tests.test_R29_CCW表分批精简_token" name="test_huanjingmeiju_deleted" time="0.001" /><testcase classname="tests.test_R24_的递归_token" name="test_retained_single_chars_present[\u5e38]" time="0.001" /><testcase classname="tests.test_R27_CS表16字词首并入_token.Test正向词首并入" name="test_B类可作列表元素[\u5bf9\u8c61\u540d]" time="0.001" /><testcase classname="tests.test_R20_词法边界" name="test_keyword_prefix_identifier_keeps_whole[\u4fdd\u62a4\u5668]" time="0.002" /><testcase classname="tests.test_R26_词首并入_token.TestHeadMergePositive" name="test_head_merge_not_split_into_keyword[\u8fc7]" time="0.001" /><testcase classname="tests.test_R29_CCW表分批精简_token" name="test_cs_table_still_zero" time="0.001" /><testcase classname="tests.test_R24_的递归_token" name="test_retained_single_chars_present[\u5f15]" time="0.002" /><testcase classname="tests.test_R27_CS表16字词首并入_token.Test正向词首并入" name="test_B类可作列表元素[\u662f\u5426]" time="0.001" /><testcase classname="tests.test_R20_词法边界" name="test_keyword_prefix_identifier_keeps_whole[\u4f7f\u7528\u8005]" time="0.002" /><testcase classname="tests.test_R26_词首并入_token.TestHeadMergePositive" name="test_head_merge_not_split_into_keyword[\u81ea]" time="0.001" /><testcase classname="tests.test_R29_CCW表分批精简_token" name="test_hm_table_now_25" time="0.001" /><testcase classname="tests.test_R24_的递归_token" name="test_retained_single_chars_present[\u63a5]" time="0.001" /><testcase classname="tests.test_R27_CS表16字词首并入_token.Test正向词首并入" name="test_B类可作列表元素[\u662f\u5426\u503c]" time="0.001" /><testcase classname="tests.test_R20_词法边界" name="test_keyword_prefix_identifier_keeps_whole[\u5b9a\u4e49\u8868]" time="0.007" /><testcase classname="tests.test_R26_词首并入_token.TestHeadMergePositive" name="test_head_merge_not_split_into_keyword[\u662f]" time="0.001" /><testcase classname="tests.test_R29_CCW表分批精简_token" name="test_dual_table_still_8" time="0.001" /><testcase classname="tests.test_R24_的递归_token" name="test_retained_single_chars_present[\u662f]" time="0.001" /><testcase classname="tests.test_R27_CS表16字词首并入_token.Test正向词首并入" name="test_B类可作列表元素[\u6bb5\u843d\u540d]" time="0.002" /><testcase classname="tests.test_R20_词法边界" name="test_keyword_prefix_identifier_keeps_whole[\u5b9e\u73b0\u7c7b]" time="0.003" /><testcase classname="tests.test_R26_词首并入_token.TestHeadMergePositive" name="test_head_merge_not_split_into_keyword[\u51fa]" time="0.002" /><testcase classname="tests.test_R24_的递归_token" name="test_retained_single_chars_present[\u672b]" time="0.001" /><testcase classname="tests.test_R24_的递归_token" name="test_retained_single_chars_present[\u8bd5]" time="0.001" /><testcase classname="tests.test_R24_的递归_token" name="test_retained_single_chars_present[\u8df3]" time="0.001" /><testcase classname="tests.test_R24_的递归_token" name="test_retained_single_chars_present[\u8fc7]" time="0.001" /><testcase classname="tests.test_R24_的递归_token" name="test_retained_single_chars_present[\u957f]" time="0.001" /><testcase classname="tests.test_R24_的递归_token" name="test_retained_single_chars_present[\u9996]" time="0.001" /><testcase classname="tests.test_R24_的递归_token" name="test_retained_chars_member_name_whole[\u4f8b]" time="0.001" /><testcase classname="tests.test_R24_的递归_token" name="test_retained_chars_member_name_whole[\u51fa]" time="0.001" /><testcase classname="tests.test_R27_CS表16字词首并入_token.Test正向词首并入" name="test_B类可作列表元素[\u6bb5\u9996]" time="0.001" /><testcase classname="tests.test_R26_词首并入_token.TestHeadMergePositive" name="test_head_merge_not_split_into_keyword[\u5f15]" time="0.001" /><testcase classname="tests.test_R20_词法边界" name="test_keyword_prefix_identifier_keeps_whole[\u7ee7\u627f\u94fe]" time="0.002" /><testcase classname="tests.test_R27_CS表16字词首并入_token.Test正向词首并入" name="test_B类可作列表元素[\u7684\u786e]" time="0.002" /><testcase classname="tests.test_R24_的递归_token" name="test_retained_chars_member_name_whole[\u5219]" time="0.001" /><testcase classname="tests.test_R26_词首并入_token.TestHeadMergePositive" name="test_head_merge_not_split_into_keyword[\u52a0]" time="0.002" /><testcase classname="tests.test_R20_词法边界" name="test_keyword_prefix_identifier_keeps_whole[\u62bd\u8c61\u7c7b]" time="0.002" /><testcase classname="tests.test_R24_的递归_token" name="test_retained_chars_member_name_whole[\u5e38]" time="0.002" /><testcase classname="tests.test_R27_CS表16字词首并入_token.Test正向词首并入" name="test_B类可作列表元素[\u7684\u786e\u7387]" time="0.002" /><testcase classname="tests.test_R26_词首并入_token.TestHeadMergePositive" name="test_head_merge_not_split_into_keyword[\u51cf]" time="0.001" /><testcase classname="tests.test_R20_词法边界" name="test_keyword_prefix_identifier_keeps_whole[\u6700\u7ec8\u503c]" time="0.002" /><testcase classname="tests.test_R24_的递归_token" name="test_retained_chars_member_name_whole[\u5f15]" time="0.002" /><testcase classname="tests.test_R27_CS表16字词首并入_token.Test正向词首并入" name="test_B类可作列表元素[\u81ea\u5df1]" time="0.002" /><testcase classname="tests.test_R26_词首并入_token.TestHeadMergePositive" name="test_head_merge_not_split_into_keyword[\u4e58]" time="0.001" /><testcase classname="tests.test_R20_词法边界" name="test_keyword_prefix_identifier_keeps_whole[\u6784\u9020\u5668]" time="0.002" /><testcase classname="tests.test_R24_的递归_token" name="test_retained_chars_member_name_whole[\u63a5]" time="0.001" /><testcase classname="tests.test_R27_CS表16字词首并入_token.Test正向词首并入" name="test_B类可作列表元素[\u81ea\u7136\u6570]" time="0.002" /><testcase classname="tests.test_R26_词首并入_token.TestHeadMergePositive" name="test_head_merge_not_split_into_keyword[\u9664]" time="0.002" /><testcase classname="tests.test_R20_词法边界" name="test_keyword_prefix_identifier_keeps_whole[\u679a\u4e3e\u503c]" time="0.002" /><testcase classname="tests.test_R24_的递归_token" name="test_retained_chars_member_name_whole[\u662f]" time="0.001" /><testcase classname="tests.test_R27_CS表16字词首并入_token.Test正向词首并入" name="test_B类可作列表元素[\u914d\u7f6e]" time="0.001" /><testcase classname="tests.test_R26_词首并入_token.TestHeadMergePositive" name="test_head_merge_not_split_into_keyword[\u7c7b]" time="0.001" /><testcase classname="tests.test_R20_词法边界" name="test_keyword_prefix_identifier_keeps_whole[\u7c7b\u578b\u8868]" time="0.002" /><testcase classname="tests.test_R24_的递归_token" name="test_retained_chars_member_name_whole[\u672b]" time="0.001" /><testcase classname="tests.test_R26_词首并入_token.TestHeadMergePositive" name="test_head_merge_not_split_into_keyword[\u6a21]" time="0.001" /><testcase classname="tests.test_R20_词法边界" name="test_keyword_prefix_identifier_keeps_whole[\u6a21\u5757\u540d]" time="0.002" /><testcase classname="tests.test_R24_的递归_token" name="test_retained_chars_member_name_whole[\u8bd5]" time="0.001" /><testcase classname="tests.test_R26_词首并入_token.TestHeadMergePositive" name="test_head_merge_not_split_into_keyword[\u63a5]" time="0.001" /><testcase classname="tests.test_R20_词法边界" name="test_keyword_prefix_identifier_keeps_whole[\u51fd\u6570\u8868]" time="0.001" /><testcase classname="tests.test_R24_的递归_token" name="test_retained_chars_member_name_whole[\u8df3]" time="0.002" /><testcase classname="tests.test_R24_的递归_token" name="test_retained_chars_member_name_whole[\u8fc7]" time="0.001" /><testcase classname="tests.test_R24_的递归_token" name="test_retained_chars_member_name_whole[\u957f]" time="0.001" /><testcase classname="tests.test_R24_的递归_token" name="test_retained_chars_member_name_whole[\u9996]" time="0.001" /><testcase classname="tests.test_R24_的递归_token" name="test_retained_chars_statement_initial_whole[\u4f8b]" time="0.002" /><testcase classname="tests.test_R24_的递归_token" name="test_retained_chars_statement_initial_whole[\u51fa]" time="0.002" /><testcase classname="tests.test_R24_的递归_token" name="test_retained_chars_statement_initial_whole[\u5219]" time="0.001" /><testcase classname="tests.test_R24_的递归_token" name="test_retained_chars_statement_initial_whole[\u5e38]" time="0.001" /><testcase classname="tests.test_R24_的递归_token" name="test_retained_chars_statement_initial_whole[\u5f15]" time="0.002" /><testcase classname="tests.test_R26_词首并入_token.TestHeadMergePositive" name="test_head_merge_not_split_into_keyword[\u8bd5]" time="0.001" /><testcase classname="tests.test_R26_词首并入_token.TestHeadMergePositive" name="test_head_merge_not_split_into_keyword[\u8df3]" time="0.001" /><testcase classname="tests.test_R26_词首并入_token.TestHeadMergePositive" name="test_head_merge_not_split_into_keyword[\u9996]" time="0.001" /><testcase classname="tests.test_R26_词首并入_token.TestHeadMergePositive" name="test_head_merge_not_split_into_keyword[\u672b]" time="0.001" /><testcase classname="tests.test_R26_词首并入_token.TestHeadMergePositive" name="test_head_merge_not_split_into_keyword[\u4f59]" time="0.002" /><testcase classname="tests.test_R26_词首并入_token.TestHeadMergePositive" name="test_head_merge_not_split_into_keyword[\u914d]" time="0.002" /><testcase classname="tests.test_R26_词首并入_token.TestHeadMergePositive" name="test_head_merge_not_split_into_keyword[\u4f8b]" time="0.001" /><testcase classname="tests.test_R26_词首并入_token.TestHeadMergePositive" name="test_head_merge_not_split_into_keyword[\u65ad]" time="0.002" /><testcase classname="tests.test_R20_词法边界" name="test_keyword_prefix_identifier_keeps_whole[\u6bb5\u843d\u540d]" time="0.002" /><testcase classname="tests.test_R20_词法边界" name="test_keyword_prefix_identifier_keeps_whole[\u60c5\u51b5\u8868]" time="0.002" /><testcase classname="tests.test_R20_词法边界" name="test_keyword_prefix_identifier_keeps_whole[\u90a3\u4e48\u5206\u652f]" time="0.001" /><testcase classname="tests.test_R20_词法边界" name="test_keyword_prefix_identifier_keeps_whole[\u5426\u5219\u5206\u652f]" time="0.001" /><testcase classname="tests.test_R20_词法边界" name="test_keyword_prefix_identifier_keeps_whole[\u5982\u679c\u6761\u4ef6]" time="0.001" /><testcase classname="tests.test_R20_词法边界" name="test_keyword_prefix_identifier_keeps_whole[\u5f53\u5faa\u73af]" time="0.001" /><testcase classname="tests.test_R26_词首并入_token.TestHeadMergePositive" name="test_head_merge_not_split_into_keyword[\u5e38]" time="0.001" /><testcase classname="tests.test_R24_的递归_token" name="test_retained_chars_statement_initial_whole[\u63a5]" time="0.002" /><testcase classname="tests.test_R24_的递归_token" name="test_retained_chars_statement_initial_whole[\u662f]" time="0.001" /><testcase classname="tests.test_R24_的递归_token" name="test_retained_chars_statement_initial_whole[\u672b]" time="0.001" /><testcase classname="tests.test_R24_的递归_token" name="test_retained_chars_statement_initial_whole[\u8bd5]" time="0.001" /><testcase classname="tests.test_R24_的递归_token" name="test_retained_chars_statement_initial_whole[\u8df3]" time="0.001" /><testcase classname="tests.test_R24_的递归_token" name="test_retained_chars_statement_initial_whole[\u8fc7]" time="0.001" /><testcase classname="tests.test_R24_的递归_token" name="test_retained_chars_statement_initial_whole[\u957f]" time="0.001" /><testcase classname="tests.test_R24_的递归_token" name="test_retained_chars_statement_initial_whole[\u9996]" time="0.001" /><testcase classname="tests.test_R20_词法边界" name="test_keyword_prefix_identifier_keeps_whole[\u5c1d\u8bd5\u5757]" time="0.002" /><testcase classname="tests.test_R20_词法边界" name="test_keyword_prefix_identifier_keeps_whole[\u6355\u83b7\u5757]" time="0.001" /><testcase classname="tests.test_R20_词法边界" name="test_keyword_prefix_identifier_keeps_whole[\u629b\u51fa\u5f02\u5e38]" time="0.001" /><testcase classname="tests.test_R20_词法边界" name="test_keyword_prefix_identifier_keeps_whole[\u6253\u5370\u51fd\u6570]" time="0.001" /><testcase classname="tests.test_R20_词法边界" name="test_keyword_prefix_identifier_keeps_whole[\u65b0\u5efa\u5bf9\u8c61]" time="0.001" /><testcase classname="tests.test_R20_词法边界" name="test_keyword_prefix_identifier_keeps_whole[\u8fd4\u56de\u503c]" time="0.001" /><testcase classname="tests.test_R20_词法边界" name="test_keyword_prefix_identifier_keeps_whole[\u8bbe\u503c\u5668]" time="0.001" /><testcase classname="tests.test_R20_词法边界" name="test_keyword_prefix_identifier_keeps_whole[\u7b49\u4e8e\u5224\u65ad]" time="0.001" /><testcase classname="tests.test_R20_词法边界" name="test_keyword_prefix_identifier_keeps_whole[\u4e0d\u7b49\u4e8e\u5224\u65ad]" time="0.001" /><testcase classname="tests.test_R20_词法边界" name="test_keyword_prefix_identifier_keeps_whole[\u5927\u4e8e\u5224\u65ad]" time="0.001" /><testcase classname="tests.test_R20_词法边界" name="test_keyword_prefix_identifier_keeps_whole[\u5c0f\u4e8e\u5224\u65ad]" time="0.001" /><testcase classname="tests.test_R20_词法边界" name="test_keyword_prefix_identifier_keeps_whole[\u52a0\u4e0a\u64cd\u4f5c]" time="0.001" /><testcase classname="tests.test_R20_词法边界" name="test_keyword_prefix_identifier_keeps_whole[\u51cf\u53bb\u64cd\u4f5c]" time="0.001" /><testcase classname="tests.test_R20_词法边界" name="test_keyword_prefix_identifier_keeps_whole[\u4e58\u4ee5\u64cd\u4f5c]" time="0.001" /><testcase classname="tests.test_R20_词法边界" name="test_keyword_prefix_identifier_keeps_whole[\u9664\u4ee5\u64cd\u4f5c]" time="0.001" /><testcase classname="tests.test_R20_词法边界" name="test_keyword_prefix_identifier_keeps_whole[\u5916\u90e8\u51fd\u6570]" time="0.001" /><testcase classname="tests.test_R20_词法边界" name="test_keyword_prefix_identifier_keeps_whole[\u5426\u5219\u82e5\u5206\u652f]" time="0.001" /><testcase classname="tests.test_R20_词法边界" name="test_keyword_prefix_identifier_keeps_whole[\u9000\u51fa\u5faa\u73af\u6807\u8bb0]" time="0.002" /><testcase classname="tests.test_R20_词法边界" name="test_keyword_prefix_identifier_keeps_whole[\u9759\u6001\u65b9\u6cd5\u8868]" time="0.002" /><testcase classname="tests.test_R20_词法边界" name="test_keyword_prefix_identifier_keeps_whole[\u7c7b\u578b\u522b\u540d\u8868]" time="0.002" /><testcase classname="tests.test_R20_词法边界" name="test_keyword_prefix_identifier_keeps_whole[\u6807\u51c6\u5e93\u51fd\u6570\u8868]" time="0.002" /><testcase classname="tests.test_R20_词法边界" name="test_legal_keyword_statements[\u5982\u679c \u6761\u4ef6:]" time="0.002" /><testcase classname="tests.test_R20_词法边界" name="test_legal_keyword_statements[\u5426\u5219:]" time="0.002" /><testcase classname="tests.test_R20_词法边界" name="test_legal_keyword_statements[\u5426\u5219\u82e5 \u6761\u4ef6:]" time="0.002" /><testcase classname="tests.test_R20_词法边界" name="test_legal_keyword_statements[\u904d\u5386 \u952e \u4e4b \u5217\u8868:]" time="0.002" /><testcase classname="tests.test_R20_词法边界" name="test_legal_keyword_statements[\u5f53 \u6761\u4ef6:]" time="0.001" /><testcase classname="tests.test_R20_词法边界" name="test_legal_keyword_statements[\u5c1d\u8bd5:]" time="0.001" /><testcase classname="tests.test_R20_词法边界" name="test_legal_keyword_statements[\u6355\u83b7 \u5f02\u5e38 \u4e3a \u7532:]" time="0.003" /><testcase classname="tests.test_R20_词法边界" name="test_legal_keyword_statements[\u6700\u7ec8:]" time="0.002" /><testcase classname="tests.test_R20_词法边界" name="test_legal_keyword_statements[\u8bbe \u7532 \u4e3a \u771f]" time="0.001" /><testcase classname="tests.test_R20_词法边界" name="test_legal_keyword_statements[\u8bbe \u7532 \u4e3a \u5047]" time="0.001" /><testcase classname="tests.test_R20_词法边界" name="test_legal_keyword_statements[\u8bbe \u7532 \u4e3a \u7a7a]" time="0.002" /><testcase classname="tests.test_R20_词法边界" name="test_legal_keyword_statements[\u8fd4\u56de \u771f]" time="0.003" /><testcase classname="tests.test_R20_词法边界" name="test_legal_keyword_statements[\u8fd4\u56de \u5047]" time="0.001" /><testcase classname="tests.test_R20_词法边界" name="test_legal_keyword_statements[\u629b\u51fa \u65b0\u5efa \u9519\u8bef(&quot;\u63a2\u6d4b&quot;)]" time="0.003" /><testcase classname="tests.test_R20_词法边界" name="test_han_identifier_no_embed_split" time="0.001" /><testcase classname="tests.test_R20_词法边界" name="test_assign_tail_keyword_split" time="0.002" /><testcase classname="tests.test_R20_词法边界" name="test_call_context_never_split" time="0.005" /><testcase classname="tests.test_R20_词法边界" name="test_midfix_regression_guard_for_six_cases" time="0.003" /><testcase classname="tests.test_R25_单字后缀_token" name="test_protection_table_shape" time="0.001" /><testcase classname="tests.test_R35_MERGE_WHOLE通用化_token" name="test_merge_whole_is_7" time="0.001" /><testcase classname="tests.test_R35_MERGE_WHOLE通用化_token" name="test_merge_whole_exact_contents" time="0.001" /><testcase classname="tests.test_R23_词法边界_反向" name="test_tokens_are_subsequence[\u81ea\u5b9a\u4e49\u8868]" time="0.002" /><testcase classname="tests.test_R21_词法确定性_token" name="test_nested_segment_param_whole[\u51fd\u6570\u503c]" time="0.002" /><testcase classname="tests.test_R21_词法确定性_token" name="test_nested_segment_param_whole[\u8fd4\u56de\u503c]" time="0.002" /><testcase classname="tests.test_R35_MERGE_WHOLE通用化_token" name="test_non_empty_block_restored" time="0.001" /><testcase classname="tests.test_R35_MERGE_WHOLE通用化_token" name="test_unary_prefix_class_exists" time="0.001" /><testcase classname="tests.test_R35_MERGE_WHOLE通用化_token" name="test_unary_prefix_is_subset_of_operator_keywords" time="0.001" /><testcase classname="tests.test_R21_词法确定性_token" name="test_nested_segment_param_whole[\u5c1d\u8bd5\u7ed3\u679c]" time="0.002" /><testcase classname="tests.test_R21_词法确定性_token" name="test_nested_segment_param_whole[\u8bbe\u503c\u5668]" time="0.002" /><testcase classname="tests.test_R21_词法确定性_token" name="test_nested_segment_param_whole[\u7b49\u4e8e\u5224\u65ad]" time="0.002" /><testcase classname="tests.test_R21_词法确定性_token" name="test_nested_segment_param_whole[\u5982\u679c\u6761\u4ef6]" time="0.002" /><testcase classname="tests.test_R21_词法确定性_token" name="test_nested_segment_param_whole[\u5f53\u5faa\u73af]" time="0.002" /><testcase classname="tests.test_R35_MERGE_WHOLE通用化_token" name="test_binary_operators_not_in_unary_prefix" time="0.001" /><testcase classname="tests.test_R35_MERGE_WHOLE通用化_token" name="test_f1_set_name" time="0.001" /><testcase classname="tests.test_R35_MERGE_WHOLE通用化_token" name="test_f2_function_name" time="0.001" /><testcase classname="tests.test_R35_MERGE_WHOLE通用化_token" name="test_f3_member_access" time="0.001" /><testcase classname="tests.test_R35_MERGE_WHOLE通用化_token" name="test_f4_call_position" time="0.002" /><testcase classname="tests.test_R35_MERGE_WHOLE通用化_token" name="test_f5_argument_position" time="0.002" /><testcase classname="tests.test_R35_MERGE_WHOLE通用化_token" name="test_spaced_not_is_still_operator" time="0.001" /><testcase classname="tests.test_R29_CCW表分批精简_token" name="test_tail_cut_table_still_1" time="0.001" /><testcase classname="tests.test_R23_词法边界_token" name="test_ji_tail_merged[\u81ea\u5df1-\u81ea\u5df1]" time="0.001" /><testcase classname="tests.test_R23_词法边界_token" name="test_ji_tail_merged[\u9519\u8bef\u5df1-\u9519\u8bef\u5df1]" time="0.001" /><testcase classname="tests.test_R23_词法边界_token" name="test_ji_tail_merged[\u672c\u5df1\u5f55-\u672c\u5df1\u5f55]" time="0.001" /><testcase classname="tests.test_R23_词法边界_token" name="test_ji_word_start_not_merged" time="0.001" /><testcase classname="tests.test_R23_词法边界_token" name="test_suffix_position_merged[\u5904\u7406\u51fd\u6570-\u5904\u7406\u51fd\u6570]" time="0.001" /><testcase classname="tests.test_R23_词法边界_token" name="test_suffix_position_merged[\u53ef\u6253\u5370-\u53ef\u6253\u5370]" time="0.002" /><testcase classname="tests.test_R35_MERGE_WHOLE通用化_token" name="test_not_true_value_literal_unaffected" time="0.002" /><testcase classname="tests.test_R35_MERGE_WHOLE通用化_token" name="test_narrowing_declared_name_still_splits" time="0.002" /><testcase classname="tests.test_R35_MERGE_WHOLE通用化_token" name="test_undeclared_tail_still_merges" time="0.002" /><testcase classname="tests.test_R35_MERGE_WHOLE通用化_token" name="test_mo_is_real_modulo_operator" time="0.001" /><testcase classname="tests.test_R21_词法确定性_token" name="test_nested_segment_param_whole[\u904d\u5386\u5668]" time="0.002" /><testcase classname="tests.test_R21_词法确定性_token" name="test_nested_segment_param_whole[\u6355\u83b7\u5757]" time="0.002" /><testcase classname="tests.test_R21_词法确定性_token" name="test_nested_segment_param_whole[\u629b\u51fa\u5f02\u5e38]" time="0.002" /><testcase classname="tests.test_R21_词法确定性_token" name="test_nested_segment_param_whole[\u6253\u5370\u51fd\u6570]" time="0.002" /><testcase classname="tests.test_R21_词法确定性_token" name="test_nested_segment_param_whole[\u65b0\u5efa\u5bf9\u8c61]" time="0.002" /><testcase classname="tests.test_R21_词法确定性_token" name="test_nested_segment_param_whole[\u5bfc\u5165\u6a21\u5757]" time="0.001" /><testcase classname="tests.test_R21_词法确定性_token" name="test_nested_segment_param_whole[\u5bfc\u51fa\u540d\u79f0]" time="0.002" /><testcase classname="tests.test_R23_词法边界_token" name="test_suffix_position_merged[\u53ef\u6253\u5370\u6807\u5fd7-\u53ef\u6253\u5370\u6807\u5fd7]" time="0.002" /><testcase classname="tests.test_R23_词法边界_token" name="test_suffix_position_merged[\u662f\u53ef\u6253\u5370-\u662f\u53ef\u6253\u5370]" time="0.002" /><testcase classname="tests.test_R23_词法边界_token" name="test_suffix_position_merged[\u6211\u7684\u6807\u51c6\u5e93-\u6211\u7684\u6807\u51c6\u5e93]" time="0.001" /><testcase classname="tests.test_R23_词法边界_token" name="test_suffix_position_merged[\u5b66\u751f\u6a21\u5757-\u5b66\u751f\u6a21\u5757]" time="0.001" /><testcase classname="tests.test_R23_词法边界_token" name="test_suffix_position_merged[\u8f93\u51fa\u683c\u5f0f-\u8f93\u51fa\u683c\u5f0f]" time="0.003" /><testcase classname="tests.test_R23_词法边界_token" name="test_suffix_position_merged[\u8f93\u51fa\u7ed3\u679c-\u8f93\u51fa\u7ed3\u679c]" time="0.001" /><testcase classname="tests.test_R23_词法边界_token" name="test_suffix_position_merged[\u8f93\u51fa\u7532-\u8f93\u51fa\u7532]" time="0.002" /><testcase classname="tests.test_R23_词法边界_token" name="test_word_start_statement_kw_split[\u6253\u5370\u7532-\u6253\u5370-\u7532]" time="0.002" /><testcase classname="tests.test_R23_词法边界_token" name="test_word_start_statement_kw_split[\u6253\u5370\u7ed3\u679c-\u6253\u5370-\u7ed3\u679c]" time="0.002" /><testcase classname="tests.test_R23_词法边界_token" name="test_word_start_statement_kw_split[\u6253\u5370\u7532\u4e59\u4e19-\u6253\u5370-\u7532\u4e59\u4e19]" time="0.002" /><testcase classname="tests.test_R35_MERGE_WHOLE通用化_token" name="test_spaced_mo_operator_unaffected" time="0.002" /><testcase classname="tests.test_R35_MERGE_WHOLE通用化_token" name="test_merge_whole_zhengli_whole" time="0.002" /><testcase classname="tests.test_R35_MERGE_WHOLE通用化_token" name="test_merge_whole_record_type_whole" time="0.002" /><testcase classname="tests.test_R35_MERGE_WHOLE通用化_token" name="test_other_x_type_still_split" time="0.002" /><testcase classname="tests.test_R35_MERGE_WHOLE通用化_token" name="test_never_split_still_zero" time="0.001" /><testcase classname="tests.test_R35_MERGE_WHOLE通用化_token" name="test_cs_table_still_zero" time="0.001" /><testcase classname="tests.test_R35_MERGE_WHOLE通用化_token" name="test_ccw_table_still_zero" time="0.001" /><testcase classname="tests.test_R23_词法边界_token" name="test_word_start_statement_kw_split[\u6a21\u5757\u7532-\u6a21\u5757-\u7532]" time="0.001" /><testcase classname="tests.test_R23_词法边界_token" name="test_word_start_statement_kw_split[\u6807\u51c6\u5e93\u7532-\u6807\u51c6\u5e93-\u7532]" time="0.002" /><testcase classname="tests.test_R23_词法边界_token" name="test_ccw_builtin_names_whole[\u4f4e\u7ea7\u5173\u95ed]" time="0.001" /><testcase classname="tests.test_R35_MERGE_WHOLE通用化_token" name="test_hm_now_25" time="0.001" /><testcase classname="tests.test_R35_MERGE_WHOLE通用化_token" name="test_trailing_class_F_now_46" time="0.001" /><testcase classname="tests.test_R35_MERGE_WHOLE通用化_token" name="test_head_split_single_now_39" time="0.002" /><testcase classname="tests.test_R35_MERGE_WHOLE通用化_token" name="test_dual_still_8" time="0.001" /><testcase classname="tests.test_R35_MERGE_WHOLE通用化_token" name="test_embed_still_3" time="0.002" /><testcase classname="tests.test_R35_MERGE_WHOLE通用化_token" name="test_operator_verbs_still_19" time="0.001" /><testcase classname="tests.test_R21_词法确定性_token" name="test_nested_segment_param_whole[\u5b9a\u4e49\u53d8\u91cf]" time="0.003" /><testcase classname="tests.test_R23_词法边界_token" name="test_ccw_builtin_names_whole[\u521b\u5efa\u4efb\u52a1]" time="0.001" /><testcase classname="tests.test_R23_词法边界_token" name="test_ccw_builtin_names_whole[\u9996\u4e2a\u5b8c\u6210]" time="0.001" /><testcase classname="tests.test_R23_词法边界_token" name="test_ccw_names_split_after_ccw_cleared[\u5f02\u6b65\u8bfb\u53d6\u6587\u4ef6-expected0]" time="0.001" /><testcase classname="tests.test_R21_词法确定性_token" name="test_nested_segment_param_whole[\u8bbe\u7f6e\u5c5e\u6027]" time="0.002" /><testcase classname="tests.test_R21_词法确定性_token" name="test_nested_segment_param_whole[\u5f02\u6b65\u4f5c\u7528\u57df]" time="0.001" /><testcase classname="tests.test_R21_词法确定性_token" name="test_nested_segment_param_whole[\u7b49\u5f85\u7ed3\u679c]" time="0.001" /><testcase classname="tests.test_R21_词法确定性_token" name="test_nested_segment_param_whole[\u63a8\u8fdf\u6267\u884c]" time="0.002" /><testcase classname="tests.test_R21_词法确定性_token" name="test_nested_param_three_levels" time="0.002" /><testcase classname="tests.test_R21_词法确定性_token" name="test_block_scope_set_name[\u51fd\u6570\u503c]" time="0.001" /><testcase classname="tests.test_R21_词法确定性_token" name="test_block_scope_set_name[\u8fd4\u56de\u503c]" time="0.002" /><testcase classname="tests.test_R21_词法确定性_token" name="test_block_scope_set_name[\u5c1d\u8bd5\u7ed3\u679c]" time="0.002" /><testcase classname="tests.test_R23_词法边界_token" name="test_ccw_names_split_after_ccw_cleared[\u5e76\u53d1\u7b49\u5f85-expected1]" time="0.001" /><testcase classname="tests.test_R23_词法边界_token" name="test_ccw_names_split_after_ccw_cleared[\u5e38\u91cf\u65f6\u95f4\u6bd4\u8f83-expected2]" time="0.001" /><testcase classname="tests.test_R23_词法边界_token" name="test_embedded_ops_preserved" time="0.001" /><testcase classname="tests.test_R23_词法边界_token" name="test_word_start_with_space" time="0.001" /><testcase classname="tests.test_R35_MERGE_WHOLE通用化_token" name="test_hard_stmt_unchanged" time="0.001" /><testcase classname="tests.test_R21_词法确定性_token" name="test_expression_context_with_definition" time="0.002" /><testcase classname="tests.test_R21_词法确定性_token" name="test_statement_head_keywords[\u5982\u679c]" time="0.001" /><testcase classname="tests.test_R21_词法确定性_token" name="test_statement_head_keywords[\u5426\u5219]" time="0.001" /><testcase classname="tests.test_R21_词法确定性_token" name="test_statement_head_keywords[\u5426\u5219\u82e5]" time="0.001" /><testcase classname="tests.test_R21_词法确定性_token" name="test_statement_head_keywords[\u904d\u5386]" time="0.001" /><testcase classname="tests.test_R21_词法确定性_token" name="test_statement_head_keywords[\u5f53]" time="0.001" /><testcase classname="tests.test_R21_词法确定性_token" name="test_statement_head_keywords[\u5c1d\u8bd5]" time="0.001" /><testcase classname="tests.test_R21_词法确定性_token" name="test_statement_head_keywords[\u6355\u83b7]" time="0.001" /><testcase classname="tests.test_R21_词法确定性_token" name="test_statement_head_keywords[\u8fd4\u56de]" time="0.001" /><testcase classname="tests.test_R21_词法确定性_token" name="test_operator_and_assign_keywords_unchanged" time="0.003" /><testcase classname="tests.test_R27_CS表16字词首并入_token.Test正向词首并入" name="test_B类可作列表元素[\u914d\u5bf9]" time="0.002" /><testcase classname="tests.test_R26_词首并入_token.TestOperatorKeywords" name="test_加" time="0.001" /><testcase classname="tests.test_R26_词首并入_token.TestHeadMergePositive" name="test_head_merge_not_split_into_keyword[\u5230]" time="0.002" /><testcase classname="tests.test_R21_上下文敏感切词" name="test_expr_context_unregistered_keeps_whole[\u8bbe \u7ed3\u679c \u4e3a \u53bb\u91cd\u5360\u4f4d([1,1,2])-\u53bb\u91cd\u5360\u4f4d]" time="0.002" /><testcase classname="tests.test_R21_上下文敏感切词" name="test_expr_context_unregistered_keeps_whole[\u8bbe \u7ed3\u679c \u4e3a [\u6392\u5e8f\u51fd\u6570, \u7b5b\u9009\u5668]-\u7b5b\u9009\u5668]" time="0.002" /><testcase classname="tests.test_R21_上下文敏感切词" name="test_expr_context_unregistered_keeps_whole[\u8bbe \u7ed3\u679c \u4e3a {\u53bb\u91cd\u5360\u4f4d: 1}-\u53bb\u91cd\u5360\u4f4d]" time="0.002" /><testcase classname="tests.test_R26_词首并入_token.TestOperatorKeywords" name="test_binary_op[\u51cf]" time="0.002" /><testcase classname="tests.test_R26_词首并入_token.TestOperatorKeywords" name="test_binary_op[\u4e58]" time="0.002" /><testcase classname="tests.test_R26_词首并入_token.TestOperatorKeywords" name="test_binary_op[\u9664]" time="0.002" /><testcase classname="tests.test_R26_词首并入_token.TestOperatorKeywords" name="test_binary_op[\u6a21]" time="0.002" /><testcase classname="tests.test_R26_词首并入_token.TestOperatorKeywords" name="test_binary_op[\u4e0e]" time="0.002" /><testcase classname="tests.test_R26_词首并入_token.TestOperatorKeywords" name="test_binary_op[\u6216]" time="0.002" /><testcase classname="tests.test_R21_上下文敏感切词" name="test_expr_context_unregistered_keeps_whole[\u8fd4\u56de \u4f5c\u7528\u57df\u5339\u914d(1)-\u4f5c\u7528\u57df\u5339\u914d]" time="0.001" /><testcase classname="tests.test_R21_上下文敏感切词" name="test_expr_context_unregistered_keeps_whole[\u8bbe \u7ed3\u679c \u4e3a \u53bb\u91cd\u5360\u4f4d(1) + \u4f5c\u7528\u57df\u5339\u914d(2)-\u4f5c\u7528\u57df\u5339\u914d]" time="0.001" /><testcase classname="tests.test_R21_上下文敏感切词" name="test_expr_context_unregistered_keeps_whole[\u53bb\u91cd\u5360\u4f4d(1)-\u53bb\u91cd\u5360\u4f4d]" time="0.001" /><testcase classname="tests.test_R21_上下文敏感切词" name="test_expr_context_unregistered_keeps_whole[\u8bbe \u7ed3\u679c \u4e3a \u65ad\u8a00\u4e3a\u771f(\u7532)-\u65ad\u8a00\u4e3a\u771f]" time="0.001" /><testcase classname="tests.test_R21_上下文敏感切词" name="test_statement_start_keyword_unchanged[\u5982\u679c\u6761\u4ef6:\n    \u6253\u5370 \u7532-\u5982\u679c-\u6761\u4ef6]" time="0.001" /><testcase classname="tests.test_R21_上下文敏感切词" name="test_statement_start_keyword_unchanged[\u5f53\u6761\u4ef6:\n    \u6253\u5370 \u7532-\u5f53-\u6761\u4ef6]" time="0.002" /><testcase classname="tests.test_R26_词首并入_token.TestOperatorKeywords" name="test_非" time="0.001" /><testcase classname="tests.test_R26_词首并入_token.TestOperatorKeywords" name="test_等于" time="0.001" /><testcase classname="tests.test_R26_词首并入_token.TestOperatorKeywords" name="test_不等于" time="0.001" /><testcase classname="tests.test_R26_词首并入_token.TestOperatorKeywords" name="test_余_is_not_operator" time="0.001" /><testcase classname="tests.test_R26_词首并入_token.TestOperatorKeywords" name="test_operator_not_merged_when_followed_by_space[\u52a0]" time="0.001" /><testcase classname="tests.test_R21_上下文敏感切词" name="test_statement_start_keyword_unchanged[\u904d\u5386\u7532\u4e4b\u5217\u8868:\n    \u6253\u5370 \u7532-\u904d\u5386-\u7532]" time="0.001" /><testcase classname="tests.test_R21_上下文敏感切词" name="test_statement_start_keyword_unchanged[\u5426\u5219\u82e5\u6761\u4ef6:\n    \u6253\u5370 \u7532-\u5426\u5219\u82e5-\u6761\u4ef6]" time="0.002" /><testcase classname="tests.test_R26_词首并入_token.TestOperatorKeywords" name="test_operator_not_merged_when_followed_by_space[\u51cf]" time="0.001" /><testcase classname="tests.test_R26_词首并入_token.TestOperatorKeywords" name="test_operator_not_merged_when_followed_by_space[\u4e58]" time="0.002" /><testcase classname="tests.test_R26_词首并入_token.TestOperatorKeywords" name="test_operator_not_merged_when_followed_by_space[\u9664]" time="0.001" /><testcase classname="tests.test_R26_词首并入_token.TestOperatorKeywords" name="test_operator_not_merged_when_followed_by_space[\u6a21]" time="0.001" /><testcase classname="tests.test_R26_词首并入_token.TestOperatorKeywords" name="test_operator_not_merged_when_followed_by_space[\u4f59]" time="0.001" /><testcase classname="tests.test_R26_词首并入_token.TestOperatorKeywords" name="test_operator_not_merged_when_followed_by_space[\u4e0e]" time="0.001" /><testcase classname="tests.test_R26_词首并入_token.TestOperatorKeywords" name="test_operator_not_merged_when_followed_by_space[\u6216]" time="0.001" /><testcase classname="tests.test_R21_上下文敏感切词" name="test_no_space_assign_and_print_split" time="0.002" /><testcase classname="tests.test_R21_上下文敏感切词" name="test_operator_keyword_still_split[\u8bbe \u7ed3\u679c \u4e3a \u7532 \u4e0e \u4e59-\u4e0e]" time="0.001" /><testcase classname="tests.test_R21_上下文敏感切词" name="test_operator_keyword_still_split[\u8bbe \u7ed3\u679c \u4e3a \u7532 \u6216 \u4e59-\u6216]" time="0.001" /><testcase classname="tests.test_R24_的递归_token" name="test_dead_constant_removed" time="0.001" /><testcase classname="tests.test_R30_零除幂次记录类型通用化_token" name="test_r30_removed_three" time="0.001" /><testcase classname="tests.test_R30_零除幂次记录类型通用化_token" name="test_r30_ccw_left_at_most_one" time="0.001" /><testcase classname="tests.test_R30_零除幂次记录类型通用化_token" name="test_zc_error_stmt_head" time="0.001" /><testcase classname="tests.test_R26_词首并入_token.TestOperatorKeywords" name="test_operator_not_merged_when_followed_by_space[\u975e]" time="0.001" /><testcase classname="tests.test_R26_词首并入_token.TestOperatorKeywords" name="test_operator_not_merged_when_followed_by_space[\u7b49\u4e8e]" time="0.002" /><testcase classname="tests.test_R26_词首并入_token.TestOperatorKeywords" name="test_operator_not_merged_when_followed_by_space[\u4e0d\u7b49\u4e8e]" time="0.002" /><testcase classname="tests.test_R26_词首并入_token.TestOperatorKeywords" name="test_operator_merges_when_followed_by_han[\u52a0]" time="0.002" /><testcase classname="tests.test_R30_零除幂次记录类型通用化_token" name="test_zc_error_call" time="0.001" /><testcase classname="tests.test_R30_零除幂次记录类型通用化_token" name="test_zc_error_in_identifier" time="0.002" /><testcase classname="tests.test_R30_零除幂次记录类型通用化_token" name="test_mici_call_form" time="0.002" /><testcase classname="tests.test_R21_上下文敏感切词" name="test_operator_keyword_still_split[\u8bbe \u7ed3\u679c \u4e3a \u7532\u52a0\u4e59-\u52a0]" time="0.002" /><testcase classname="tests.test_R21_上下文敏感切词" name="test_operator_keyword_still_split[\u8bbe \u7ed3\u679c \u4e3a \u7532\u51cf\u4e59-\u51cf]" time="0.002" /><testcase classname="tests.test_R21_上下文敏感切词" name="test_operator_keyword_still_split[\u8bbe \u7ed3\u679c \u4e3a \u7532 \u5728 \u4e59-\u5728]" time="0.002" /><testcase classname="tests.test_R21_上下文敏感切词" name="test_operator_keyword_still_split[\u8bbe \u7ed3\u679c \u4e3a \u7532 \u5927\u4e8e \u4e59-\u5927\u4e8e]" time="0.002" /><testcase classname="tests.test_R21_上下文敏感切词" name="test_keyword_itself_not_merged[\u6253\u5370(\u7532)-\u6253\u5370]" time="0.002" /><testcase classname="tests.test_R21_上下文敏感切词" name="test_keyword_itself_not_merged[\u8fd4\u56de(\u7532)-\u8fd4\u56de]" time="0.002" /><testcase classname="tests.test_R21_上下文敏感切词" name="test_keyword_itself_not_merged[\u5982\u679c(\u6761\u4ef6)-\u5982\u679c]" time="0.001" /><testcase classname="tests.test_R26_词首并入_token.TestOperatorKeywords" name="test_operator_merges_when_followed_by_han[\u51cf]" time="0.002" /><testcase classname="tests.test_R26_词首并入_token.TestOperatorKeywords" name="test_operator_merges_when_followed_by_han[\u4e58]" time="0.002" /><testcase classname="tests.test_R26_词首并入_token.TestOperatorKeywords" name="test_operator_merges_when_followed_by_han[\u9664]" time="0.001" /><testcase classname="tests.test_R30_零除幂次记录类型通用化_token" name="test_mici_call_return" time="0.001" /><testcase classname="tests.test_R30_零除幂次记录类型通用化_token" name="test_record_type_call" time="0.002" /><testcase classname="tests.test_R30_零除幂次记录类型通用化_token" name="test_record_type_bare" time="0.002" /><testcase classname="tests.test_R21_上下文敏感切词" name="test_segment_name_and_param_keyword_prefix" time="0.002" /><testcase classname="tests.test_R30_零除幂次记录类型通用化_token" name="test_num_head_merge_generalizes" time="0.002" /><testcase classname="tests.test_R30_零除幂次记录类型通用化_token" name="test_mici_no_paren_keeps_split" time="0.003" /><testcase classname="tests.test_R30_零除幂次记录类型通用化_token" name="test_mici_bare_not_merged" time="0.001" /><testcase classname="tests.test_R30_零除幂次记录类型通用化_token" name="test_other_x_lx_types_keeps_split" time="0.002" /><testcase classname="tests.test_R30_零除幂次记录类型通用化_token" name="test_zero_still_chinese_num" time="0.001" /><testcase classname="tests.test_R20_词法边界" name="test_operator_verb_call_context" time="0.002" /><testcase classname="tests.test_R33_NEVER_SPLIT精简_token" name="test_never_split_now_zero" time="0.001" /><testcase classname="tests.test_R33_NEVER_SPLIT精简_token" name="test_never_split_deleted_entries" time="0.001" /><testcase classname="tests.test_R30_零除幂次记录类型通用化_token" name="test_zero_in_arithmetic" time="0.002" /><testcase classname="tests.test_R30_零除幂次记录类型通用化_token" name="test_zero_decimal_and_composite" time="0.002" /><testcase classname="tests.test_R30_零除幂次记录类型通用化_token" name="test_two_char_num_plus_keyword_keeps_split" time="0.004" /><testcase classname="tests.test_R30_零除幂次记录类型通用化_token" name="test_hm_now_25" time="0.001" /><testcase classname="tests.test_R30_零除幂次记录类型通用化_token" name="test_dual_still_8" time="0.001" /><testcase classname="tests.test_R30_零除幂次记录类型通用化_token" name="test_merge_whole_has_record_type" time="0.001" /><testcase classname="tests.test_R30_零除幂次记录类型通用化_token" name="test_num_head_class_is_derived" time="0.001" /><testcase classname="tests.test_R33_NEVER_SPLIT精简_token" name="test_deleted_mo_compound_still_merged" time="0.001" /><testcase classname="tests.test_R33_NEVER_SPLIT精简_token" name="test_deleted_mo_module_still_merged" time="0.002" /><testcase classname="tests.test_R33_NEVER_SPLIT精简_token" name="test_deleted_mo_mode_still_merged" time="0.002" /><testcase classname="tests.test_R33_NEVER_SPLIT精简_token" name="test_deleted_bu_sync_still_merged" time="0.002" /><testcase classname="tests.test_R33_NEVER_SPLIT精简_token" name="test_deleted_zhi_even_still_merged" time="0.001" /><testcase classname="tests.test_R33_NEVER_SPLIT精简_token" name="test_deleted_dao_encounter_still_merged" time="0.001" /><testcase classname="tests.test_R33_NEVER_SPLIT精简_token" name="test_range_1_to_10_still_recognized" time="0.002" /><testcase classname="tests.test_R33_NEVER_SPLIT精简_token" name="test_range_1_zhi_10_still_recognized" time="0.001" /><testcase classname="tests.test_R33_NEVER_SPLIT精简_token" name="test_range_1_dao_10_bu_2_still_recognized" time="0.001" /><testcase classname="tests.test_R33_NEVER_SPLIT精简_token" name="test_mod_operator_still_recognized" time="0.001" /><testcase classname="tests.test_R33_NEVER_SPLIT精简_token" name="test_dual_still_has_dao" time="0.001" /><testcase classname="tests.test_R33_NEVER_SPLIT精简_token" name="test_dual_dao_head_merge_still_works" time="0.001" /><testcase classname="tests.test_R33_NEVER_SPLIT精简_token" name="test_cs_table_still_zero" time="0.001" /><testcase classname="tests.test_R33_NEVER_SPLIT精简_token" name="test_ccw_table_still_zero" time="0.001" /><testcase classname="tests.test_R33_NEVER_SPLIT精简_token" name="test_embed_table_still_3" time="0.001" /><testcase classname="tests.test_R33_NEVER_SPLIT精简_token" name="test_operator_verbs_still_19" time="0.001" /><testcase classname="tests.test_R33_NEVER_SPLIT精简_token" name="test_merge_whole_now_7" time="0.001" /><testcase classname="tests.test_R33_NEVER_SPLIT精简_token" name="test_hm_now_25" time="0.001" /><testcase classname="tests.test_R33_NEVER_SPLIT精简_token" name="test_dual_table_still_8" time="0.002" /><testcase classname="tests.test_R23_词法边界_token" name="test_ascii_han_mixed" time="0.001" /><testcase classname="tests.test_R32_OPERATOR+MERGE_WHOLE精简_token" name="test_operator_verbs_still_19" time="0.001" /><testcase classname="tests.test_R32_OPERATOR+MERGE_WHOLE精简_token" name="test_operator_verbs_retained_entries" time="0.001" /><testcase classname="tests.test_R32_OPERATOR+MERGE_WHOLE精简_token" name="test_merge_whole_now_7" time="0.001" /><testcase classname="tests.test_R32_OPERATOR+MERGE_WHOLE精简_token" name="test_merge_whole_retained_entries" time="0.001" /><testcase classname="tests.test_R32_OPERATOR+MERGE_WHOLE精简_token" name="test_merge_whole_r35_removed_entry" time="0.002" /><testcase classname="tests.test_R32_OPERATOR+MERGE_WHOLE精简_token" name="test_merge_whole_deleted_entries" time="0.001" /><testcase classname="tests.test_R32_OPERATOR+MERGE_WHOLE精简_token" name="test_deleted_export_event_table_still_merged" time="0.001" /><testcase classname="tests.test_R35_MERGE_WHOLE通用化_token" name="test_head_merge_subset_of_F" time="0.001" /><testcase classname="tests.test_R30_CCW保留10条通用化_token" name="test_ccw_table_is_zero" time="0.001" /><testcase classname="tests.test_R30_CCW保留10条通用化_token" name="test_bitwise_and_generalized" time="0.001" /><testcase classname="tests.test_R30_CCW保留10条通用化_token" name="test_bitwise_xor_generalized" time="0.001" /><testcase classname="tests.test_R30_CCW保留10条通用化_token" name="test_bitwise_or_generalized" time="0.001" /><testcase classname="tests.test_R21_词法确定性_token" name="test_l152_reproduction_token_shape" time="0.003" /><testcase classname="tests.test_R26_词首并入_token.TestHardStmtKeywords" name="test_如果" time="0.001" /><testcase classname="tests.test_R26_词首并入_token.TestHardStmtKeywords" name="test_否则如果" time="0.001" /><testcase classname="tests.test_R26_词首并入_token.TestHardStmtKeywords" name="test_设_为" time="0.001" /><testcase classname="tests.test_R26_词首并入_token.TestHardStmtKeywords" name="test_返回" time="0.001" /><testcase classname="tests.test_R26_词首并入_token.TestHardStmtKeywords" name="test_尝试" time="0.001" /><testcase classname="tests.test_R32_OPERATOR+MERGE_WHOLE精简_token" name="test_deleted_exit_code_still_merged" time="0.002" /><testcase classname="tests.test_R32_OPERATOR+MERGE_WHOLE精简_token" name="test_deleted_receive_params_still_merged" time="0.002" /><testcase classname="tests.test_R32_OPERATOR+MERGE_WHOLE精简_token" name="test_deleted_external_command_still_merged" time="0.001" /><testcase classname="tests.test_R32_OPERATOR+MERGE_WHOLE精简_token" name="test_deleted_sort_key_still_merged" time="0.001" /><testcase classname="tests.test_R32_OPERATOR+MERGE_WHOLE精简_token" name="test_deleted_output_block_table_still_merged" time="0.001" /><testcase classname="tests.test_R30_CCW保留10条通用化_token" name="test_bitwise_not_generalized" time="0.001" /><testcase classname="tests.test_R30_CCW保留10条通用化_token" name="test_yingdang_generalized" time="0.001" /><testcase classname="tests.test_R30_CCW保留10条通用化_token" name="test_chufei_generalized" time="0.002" /><testcase classname="tests.test_R30_CCW保留10条通用化_token" name="test_zero_division_error_generalized" time="0.001" /><testcase classname="tests.test_R30_CCW保留10条通用化_token" name="test_mici_generalized" time="0.002" /><testcase classname="tests.test_R30_CCW保留10条通用化_token" name="test_jiluleixing_generalized" time="0.001" /><testcase classname="tests.test_R30_CCW保留10条通用化_token" name="test_test_generate_greeting_generalized" time="0.001" /><testcase classname="tests.test_R30_CCW保留10条通用化_token" name="test_dang_keyword_independent" time="0.001" /><testcase classname="tests.test_R30_CCW保留10条通用化_token" name="test_fei_keyword_independent" time="0.001" /><testcase classname="tests.test_R30_CCW保留10条通用化_token" name="test_wei_keyword_independent" time="0.002" /><testcase classname="tests.test_R30_CCW保留10条通用化_token" name="test_ling_number_independent" time="0.002" /><testcase classname="tests.test_R26_词首并入_token.TestHardStmtKeywords" name="test_捕获" time="0.001" /><testcase classname="tests.test_R32_OPERATOR+MERGE_WHOLE精简_token" name="test_deleted_return_code_still_merged" time="0.001" /><testcase classname="tests.test_R32_OPERATOR+MERGE_WHOLE精简_token" name="test_retained_sort_model_messages_merged" time="0.001" /><testcase classname="tests.test_R32_OPERATOR+MERGE_WHOLE精简_token" name="test_retained_record_type_merged" time="0.001" /><testcase classname="tests.test_R32_OPERATOR+MERGE_WHOLE精简_token" name="test_retained_non_empty_block_merged" time="0.001" /><testcase classname="tests.test_R32_OPERATOR+MERGE_WHOLE精简_token" name="test_cs_table_still_zero" time="0.001" /><testcase classname="tests.test_R26_词首并入_token.TestHardStmtKeywords" name="test_打印" time="0.001" /><testcase classname="tests.test_R26_词首并入_token.TestHardStmtKeywords" name="test_导入" time="0.001" /><testcase classname="tests.test_R26_词首并入_token.TestHardStmtKeywords" name="test_导出" time="0.001" /><testcase classname="tests.test_R26_词首并入_token.TestHardStmtKeywords" name="test_段落" time="0.001" /><testcase classname="tests.test_R26_词首并入_token.TestHardStmtKeywords" name="test_类型" time="0.001" /><testcase classname="tests.test_R26_词首并入_token.TestHardStmtKeywords" na
[...]
u7f29\u81ea\u52a8.light]" time="2.193" /><testcase classname="tests.test_回归" name="test_example_exit_code[test_\u538b\u7f29\u914d\u5957.light]" time="0.941" /><testcase classname="tests.test_回归" name="test_example_exit_code[test_\u539f\u5b50\u5199.light]" time="0.512" /><testcase classname="tests.test_回归" name="test_example_exit_code[test_\u53cd\u9988.light]" time="0.704" /><testcase classname="tests.test_回归" name="test_example_exit_code[test_\u542f\u52a8\u73af\u5883.light]" time="0.580" /><testcase classname="tests.test_回归" name="test_example_exit_code[test_\u542f\u52a8\u914d\u7f6e.light]" time="0.866" /><testcase classname="tests.test_回归" name="test_example_exit_code[test_\u56e2\u961f\u4e8b\u4ef6v2.light]" time="1.038" /><testcase classname="tests.test_回归" name="test_example_exit_code[test_\u56e2\u961f\u4f9d\u8d56\u56fe.light]" time="0.936" /><testcase classname="tests.test_回归" name="test_example_exit_code[test_\u56e2\u961f\u5de5\u5177.light]" time="1.172" /><testcase classname="tests.test_回归" name="test_example_exit_code[test_\u56e2\u961f\u6298\u53e0.light]" time="1.194" /><testcase classname="tests.test_回归" name="test_example_exit_code[test_\u56e2\u961f\u65e5\u5fd7.light]" time="1.044" /><testcase classname="tests.test_回归" name="test_example_exit_code[test_\u56e2\u961f\u670d\u52a1.light]" time="2.178" /><testcase classname="tests.test_回归" name="test_example_exit_code[test_\u56e2\u961f\u670d\u52a11.5.light]" time="1.482" /><testcase classname="tests.test_回归" name="test_example_exit_code[test_\u56e2\u961f\u770b\u677f.light]" time="0.987" /><testcase classname="tests.test_回归" name="test_example_exit_code[test_\u56e2\u961f\u82b1\u540d\u518c.light]" time="1.856" /><testcase classname="tests.test_回归" name="test_example_exit_code[test_\u5916\u58f3\u73af\u5883.light]" time="0.789" /><testcase classname="tests.test_回归" name="test_example_exit_code[test_\u5916\u58f3\u9000\u51fa\u89e3\u6790.light]" time="0.725" /><testcase classname="tests.test_回归" name="test_example_exit_code[test_\u5927\u6a21\u578b\u56de\u653e.light]" time="1.405" /><testcase classname="tests.test_回归" name="test_example_exit_code[test_\u5957\u63a5\u5b57.light]" time="2.946" /><testcase classname="tests.test_回归" name="test_example_exit_code[test_\u5957\u63a5\u5b57\u4e8b\u4ef6\u5faa\u73af.light]" time="0.690" /><testcase classname="tests.test_回归" name="test_example_exit_code[test_\u5b50\u4ee3\u7406\u6838\u5fc3.light]" time="1.167" /><testcase classname="tests.test_回归" name="test_example_exit_code[test_\u5b50\u4ee3\u7406\u6df1\u5316.light]" time="1.302" /><testcase classname="tests.test_回归" name="test_example_exit_code[test_\u5b50\u4ee3\u7406\u7eed\u4f20.light]" time="0.918" /><testcase classname="tests.test_回归" name="test_example_exit_code[test_\u5b50\u667a\u80fd\u4f53.light]" time="2.330" /><testcase classname="tests.test_回归" name="test_example_exit_code[test_\u5b50\u667a\u80fd\u4f531.5.light]" time="2.434" /><testcase classname="tests.test_回归" name="test_example_exit_code[test_\u5b50\u667a\u80fd\u4f53\u6df1\u5316.light]" time="2.299" /><testcase classname="tests.test_回归" name="test_example_exit_code[test_\u5b50\u8fdb\u7a0b.light]" time="0.605" /><testcase classname="tests.test_回归" name="test_example_exit_code[test_\u5b50\u8fdb\u7a0b\u540e\u53f0.light]" time="2.960" /><testcase classname="tests.test_回归" name="test_example_exit_code[test_\u5b50\u8fdb\u7a0b\u6d41\u5f0f.light]" time="0.652" /><testcase classname="tests.test_回归" name="test_example_exit_code[test_\u5b50\u8fdb\u7a0b\u6df1\u5316.light]" time="0.651" /><testcase classname="tests.test_回归" name="test_example_exit_code[test_\u5b50\u8fdb\u7a0b\u7801.light]" time="0.667" /><testcase classname="tests.test_回归" name="test_example_exit_code[test_\u5b57\u5178.light]" time="0.456" /><testcase classname="tests.test_回归" name="test_example_exit_code[test_\u5b57\u5178\u589e\u5f3a.light]" time="0.730" /><testcase classname="tests.test_回归" name="test_example_exit_code[test_\u5b57\u7b26\u4e32\u589e\u5f3a.light]" time="0.750" /><testcase classname="tests.test_回归" name="test_example_exit_code[test_\u5b57\u7b26\u4e32\u66ff\u6362\u7f16\u8f91\u5668.light]" time="0.978" /><testcase classname="tests.test_回归" name="test_example_exit_code[test_\u5b58\u50a8\u57df.light]" time="0.655" /><testcase classname="tests.test_回归" name="test_example_exit_code[test_\u5b58\u50a8\u6838\u5fc3.light]" time="0.968" /><testcase classname="tests.test_回归" name="test_example_exit_code[test_\u5b58\u50a8\u6df1\u5316.light]" time="0.649" /><testcase classname="tests.test_回归" name="test_example_exit_code[test_\u5b89\u5168\u7b56\u7565.light]" time="0.839" /><testcase classname="tests.test_回归" name="test_example_exit_code[test_\u5b9a\u65f6.light]" time="0.793" /><testcase classname="tests.test_回归" name="test_example_exit_code[test_\u5ba1\u6279.light]" time="1.035" /><testcase classname="tests.test_回归" name="test_example_exit_code[test_\u5ba1\u6279API.light]" time="3.194" /><testcase classname="tests.test_回归" name="test_example_exit_code[test_\u5ba1\u6279\u5bf9\u7167.light]" time="0.770" /><testcase classname="tests.test_回归" name="test_example_exit_code[test_\u5ba1\u6279\u6df1\u5316.light]" time="0.669" /><testcase classname="tests.test_回归" name="test_example_exit_code[test_\u5ba1\u6279\u94a9.light]" time="1.410" /><testcase classname="tests.test_回归" name="test_example_exit_code[test_\u5ba2\u6237\u7aef.light]" time="0.899" /><testcase classname="tests.test_回归" name="test_example_exit_code[test_\u5ba2\u6237\u7aef\u6df1\u5316.light]" time="0.751" /><testcase classname="tests.test_回归" name="test_example_exit_code[test_\u5ba2\u6237\u7aef\u8d85\u65f6.light]" time="0.719" /><testcase classname="tests.test_回归" name="test_example_exit_code[test_\u5bbf\u4e3bIO.light]" time="0.727" /><testcase classname="tests.test_回归" name="test_example_exit_code[test_\u5bbf\u4e3b\u4e0a\u4e0b\u6587.light]" time="0.643" /><testcase classname="tests.test_回归" name="test_example_exit_code[test_\u5bbf\u4e3b\u4e8b\u4ef6.light]" time="0.809" /><testcase classname="tests.test_回归" name="test_example_exit_code[test_\u5bbf\u4e3b\u5de5\u5177.light]" time="1.244" /><testcase classname="tests.test_回归" name="test_example_exit_code[test_\u5bbf\u4e3b\u8fd0\u884c\u65f6.light]" time="0.718" /><testcase classname="tests.test_回归" name="test_example_exit_code[test_\u5bbf\u4e3b\u914d\u7f6e.light]" time="0.945" /><testcase classname="tests.test_回归" name="test_example_exit_code[test_\u5c0f\u57df\u7c7b\u578b.light]" time="0.672" /><testcase classname="tests.test_回归" name="test_example_exit_code[test_\u5c40\u90e8\u4e8b\u4ef6.light]" time="0.451" /><testcase classname="tests.test_回归" name="test_example_exit_code[test_\u5c40\u90e8\u4e8b\u4ef62.light]" time="0.461" /><testcase classname="tests.test_回归" name="test_example_exit_code[test_\u5de5\u4f5c\u533a.light]" time="0.758" /><testcase classname="tests.test_回归" name="test_example_exit_code[test_\u5de5\u4f5c\u6d41\u62a5\u544a.light]" time="0.887" /><testcase classname="tests.test_回归" name="test_example_exit_code[test_\u5de5\u4f5c\u6d41\u7ed3\u679c\u6e32\u67d3.light]" time="0.729" /><testcase classname="tests.test_回归" name="test_example_exit_code[test_\u5de5\u4f5c\u6d41\u9519\u8bef.light]" time="0.701" /><testcase classname="tests.test_回归" name="test_example_exit_code[test_\u5de5\u5177.light]" time="1.021" /><testcase classname="tests.test_回归" name="test_example_exit_code[test_\u5de5\u5177_\u5c0f\u5de5\u5177.light]" time="0.993" /><testcase classname="tests.test_回归" name="test_example_exit_code[test_\u5de5\u5177\u6267\u884c.light]" time="1.014" /><testcase classname="tests.test_回归" name="test_example_exit_code[test_\u5de5\u5177\u6df1.light]" time="1.109" /><testcase classname="tests.test_回归" name="test_example_exit_code[test_\u5de5\u5177\u6df1\u5316.light]" time="1.017" /><testcase classname="tests.test_回归" name="test_example_exit_code[test_\u5de5\u5177\u7cfb\u7edf.light]" time="1.375" /><testcase classname="tests.test_回归" name="test_example_exit_code[test_\u5de5\u5177\u7edf\u8ba1.light]" time="1.031" /><testcase classname="tests.test_回归" name="test_example_exit_code[test_\u5e76\u884c.light]" time="2.528" /><testcase classname="tests.test_回归" name="test_example_exit_code[test_\u5f02\u6b65PTY.light]" time="1.028" /><testcase classname="tests.test_回归" name="test_example_exit_code[test_\u5f02\u6b65\u4ee3\u7406.light]" time="3.093" /><testcase classname="tests.test_回归" name="test_example_exit_code[test_\u5f02\u6b65\u5b50\u8fdb\u7a0b.light]" time="1.154" /><testcase classname="tests.test_回归" name="test_example_exit_code[test_\u5f85\u529e.light]" time="1.185" /><testcase classname="tests.test_回归" name="test_example_exit_code[test_\u603b\u5165\u53e3.light]" time="2.479" /><testcase classname="tests.test_回归" name="test_example_exit_code[test_\u6280\u80fd\u6e05\u5355.light]" time="0.859" /><testcase classname="tests.test_回归" name="test_example_exit_code[test_\u6293\u53d6\u7b56\u7565.light]" time="0.760" /><testcase classname="tests.test_回归" name="test_example_exit_code[test_\u6301\u4e45\u5316.light]" time="1.230" /><testcase classname="tests.test_回归" name="test_example_exit_code[test_\u6301\u4e45\u5316\u589e\u91cf.light]" time="1.119" /><testcase classname="tests.test_回归" name="test_example_exit_code[test_\u6388\u6743\u94fe.light]" time="0.700" /><testcase classname="tests.test_回归" name="test_example_exit_code[test_\u63a7\u5236\u5668\u7c7b\u578b.light]" time="1.062" /><testcase classname="tests.test_回归" name="test_example_exit_code[test_\u63a8\u7406\u5de5\u5177.light]" time="0.759" /><testcase classname="tests.test_回归" name="test_example_exit_code[test_\u63d0\u793a\u6a21\u677f.light]" time="0.751" /><testcase classname="tests.test_回归" name="test_example_exit_code[test_\u641c\u7d22\u63d0\u4f9b\u5546.light]" time="1.337" /><testcase classname="tests.test_回归" name="test_example_exit_code[test_\u6570\u503c\u517c\u5bb9.light]" time="0.632" /><testcase classname="tests.test_回归" name="test_example_exit_code[test_\u6587\u4ef6.light]" time="0.611" /><testcase classname="tests.test_回归" name="test_example_exit_code[test_\u6587\u4ef6\u5f15\u7528.light]" time="0.564" /><testcase classname="tests.test_回归" name="test_example_exit_code[test_\u6587\u4ef6\u6df1.light]" time="0.714" /><testcase classname="tests.test_回归" name="test_example_exit_code[test_\u6587\u4ef6\u6df1\u5316.light]" time="0.484" /><testcase classname="tests.test_回归" name="test_example_exit_code[test_\u6587\u4ef6\u7cfb\u7edf\u5de5\u5177.light]" time="0.876" /><testcase classname="tests.test_回归" name="test_example_exit_code[test_\u65f6\u95f4\u4e0a\u4e0b\u6587.light]" time="0.917" /><testcase classname="tests.test_回归" name="test_example_exit_code[test_\u667a\u80fd\u4f53\u6307\u4ee4.light]" time="0.941" /><testcase classname="tests.test_回归" name="test_example_exit_code[test_\u6700\u5c0f\u590d\u73b0.light]" time="0.444" /><testcase classname="tests.test_回归" name="test_example_exit_code[test_\u6700\u5c0f\u590d\u73b02.light]" time="0.464" /><testcase classname="tests.test_回归" name="test_example_exit_code[test_\u6743\u9650.light]" time="0.573" /><testcase classname="tests.test_回归" name="test_example_exit_code[test_\u6784\u9020.light]" time="0.437" /><testcase classname="tests.test_回归" name="test_example_exit_code[test_\u67e5\u8be2\u5de5\u5177.light]" time="1.017" /><testcase classname="tests.test_回归" name="test_example_exit_code[test_\u68c0\u67e5\u70b9\u7b56\u7565.light]" time="0.504" /><testcase classname="tests.test_回归" name="test_example_exit_code[test_\u6a21\u578b\u76ee\u5f55.light]" time="0.708" /><testcase classname="tests.test_回归" name="test_example_exit_code[test_\u6c99\u7bb1.light]" time="0.621" /><testcase classname="tests.test_回归" name="test_example_exit_code[test_\u6c99\u7bb1_freebsd.light]" time="0.775" /><testcase classname="tests.test_回归" name="test_example_exit_code[test_\u6c99\u7bb1\u5347\u7ea7.light]" time="0.888" /><testcase classname="tests.test_回归" name="test_example_exit_code[test_\u6c99\u7bb1\u63a2\u6d4b.light]" time="0.753" /><testcase classname="tests.test_回归" name="test_example_exit_code[test_\u6c99\u7bb1\u6df1\u5316.light]" time="0.607" /><testcase classname="tests.test_回归" name="test_example_exit_code[test_\u6c99\u7bb1\u7b56\u7565.light]" time="0.712" /><testcase classname="tests.test_回归" name="test_example_exit_code[test_\u6c99\u7bb1\u7edf\u4e00.light]" time="1.248" /><testcase classname="tests.test_回归" name="test_example_exit_code[test_\u6c99\u7bb1\u8d44\u6e90.light]" time="0.627" /><testcase classname="tests.test_回归" name="test_example_exit_code[test_\u6d41.light]" time="0.606" /><testcase classname="tests.test_回归" name="test_example_exit_code[test_\u6d41\u6df1\u5316.light]" time="0.524" /><testcase classname="tests.test_回归" name="test_example_exit_code[test_\u6d88\u606f.light]" time="0.625" /><testcase classname="tests.test_回归" name="test_example_exit_code[test_\u6d88\u606f_System.light]" time="0.720" /><testcase classname="tests.test_回归" name="test_example_exit_code[test_\u6d88\u606f\u6df1\u5316.light]" time="0.537" /><testcase classname="tests.test_回归" name="test_example_exit_code[test_\u6ea2\u51fa.light]" time="0.612" /><testcase classname="tests.test_回归" name="test_example_exit_code[test_\u6ea2\u51fa\u6062\u590d.light]" time="3.164" /><testcase classname="tests.test_回归" name="test_example_exit_code[test_\u6ea2\u51fa\u91cd\u8bd5\u6df1\u5316.light]" time="5.283" /><testcase classname="tests.test_回归" name="test_example_exit_code[test_\u76ee\u6807\u6062\u590d\u5b88\u536b.light]" time="0.677" /><testcase classname="tests.test_回归" name="test_example_exit_code[test_\u76ee\u6807\u6062\u590d\u6fc0\u6d3b.light]" time="0.981" /><testcase classname="tests.test_回归" name="test_example_exit_code[test_\u76ee\u6807\u6298\u53e0.light]" time="0.890" /><testcase classname="tests.test_回归" name="test_example_exit_code[test_\u76ee\u6807\u8f6e\u9a71\u52a8.light]" time="0.861" /><testcase classname="tests.test_回归" name="test_example_exit_code[test_\u7a7a\u8868.light]" time="0.473" /><testcase classname="tests.test_回归" name="test_example_exit_code[test_\u7c7b\u578b\u6ce8\u518c.light]" time="0.620" /><testcase classname="tests.test_回归" name="test_example_exit_code[test_\u7c7b\u578b\u7cfb\u7edf.light]" time="1.134" /><testcase classname="tests.test_回归" name="test_example_exit_code[test_\u7cbe\u786e\u590d\u73b0.light]" time="0.441" /><testcase classname="tests.test_回归" name="test_example_exit_code[test_\u7ec8\u7aef.light]" time="6.642" /><testcase classname="tests.test_回归" name="test_example_exit_code[test_\u7ec8\u7aefPTY.light]" time="0.989" /><testcase classname="tests.test_回归" name="test_example_exit_code[test_\u7ed5\u6cd5A.light]" time="0.467" /><testcase classname="tests.test_回归" name="test_example_exit_code[test_\u7ed5\u6cd5B.light]" time="0.448" /><testcase classname="tests.test_回归" name="test_example_exit_code[test_\u7ed5\u6cd5C.light]" time="0.438" /><testcase classname="tests.test_回归" name="test_example_exit_code[test_\u7f51\u5173\u534f\u8bae.light]" time="0.915" /><testcase classname="tests.test_回归" name="test_example_exit_code[test_\u7f51\u7edc\u94a9\u5b50GitHub.light]" time="0.956" /><testcase classname="tests.test_回归" name="test_example_exit_code[test_\u7f51\u9875\u641c\u7d22.light]" time="0.939" /><testcase classname="tests.test_回归" name="test_example_exit_code[test_\u8054\u8c03CLI.light]" time="2.591" /><testcase classname="tests.test_回归" name="test_example_exit_code[test_\u884c\u4e3a\u5bf9\u7167_LLM.light]" time="1.291" /><testcase classname="tests.test_回归" name="test_example_exit_code[test_\u884c\u4e3a\u5bf9\u7167_\u4ee3\u7406\u5faa\u73af.light]" time="2.362" /><testcase classname="tests.test_回归" name="test_example_exit_code[test_\u884c\u4e3a\u5bf9\u7167_\u4f1a\u8bdd\u6301\u4e45\u5316.light]" time="1.219" /><testcase classname="tests.test_回归" name="test_example_exit_code[test_\u884c\u4e3a\u5bf9\u7167_\u5de5\u5177\u5b50\u667a\u80fd\u4f53.light]" time="2.648" /><testcase classname="tests.test_回归" name="test_example_exit_code[test_\u8ba1\u5212\u6a21\u5f0f.light]" time="0.771" /><testcase classname="tests.test_回归" name="test_example_exit_code[test_\u8ba4\u8bc1.light]" time="0.507" /><testcase classname="tests.test_回归" name="test_example_exit_code[test_\u8bbe\u7f6e.light]" time="0.757" /><testcase classname="tests.test_回归" name="test_example_exit_code[test_\u8bcd\u6cd5\u5b89\u5168.light]" time="0.698" /><testcase classname="tests.test_回归" name="test_example_exit_code[test_\u8bed\u8a00\u670d\u52a1\u5668.light]" time="0.877" /><testcase classname="tests.test_回归" name="test_example_exit_code[test_\u8c03\u5ea6\u6df1\u5316.light]" time="1.210" /><testcase classname="tests.test_回归" name="test_example_exit_code[test_\u8d85\u65f6\u7b56\u7565.light]" time="0.683" /><testcase classname="tests.test_回归" name="test_example_exit_code[test_\u8def\u5f84\u89c4\u5219.light]" time="0.738" /><testcase classname="tests.test_回归" name="test_example_exit_code[test_\u8fdb\u7a0b\u6811.light]" time="2.370" /><testcase classname="tests.test_回归" name="test_example_exit_code[test_\u8fdb\u7a0b\u6811\u63a5\u7ebf.light]" time="1.736" /><testcase classname="tests.test_回归" name="test_example_exit_code[test_\u8fdc\u7aef\u603b\u7ebf.light]" time="0.837" /><testcase classname="tests.test_回归" name="test_example_exit_code[test_\u8fdc\u7aef\u767d\u540d\u5355.light]" time="0.587" /><testcase classname="tests.test_回归" name="test_example_exit_code[test_\u8ffd\u52a0\u65b9\u6cd5.light]" time="0.527" /><testcase classname="tests.test_回归" name="test_example_exit_code[test_\u8ffd\u52a0\u65b9\u6cd52.light]" time="0.446" /><testcase classname="tests.test_回归" name="test_example_exit_code[test_\u9065\u6d4b.light]" time="2.196" /><testcase classname="tests.test_回归" name="test_example_exit_code[test_\u9065\u6d4b\u6df1\u5316.light]" time="0.885" /><testcase classname="tests.test_回归" name="test_example_exit_code[test_\u91cd\u590d\u63d0\u9192.light]" time="0.812" /><testcase classname="tests.test_回归" name="test_example_exit_code[test_\u94a9\u5b50.light]" time="2.411" /><testcase classname="tests.test_回归" name="test_example_exit_code[test_\u94a9\u5b50\u534f\u8bae.light]" time="1.188" /><testcase classname="tests.test_回归" name="test_example_exit_code[test_\u94a9\u5b50\u6df1\u5316.light]" time="0.546" /><testcase classname="tests.test_回归" name="test_example_exit_code[test_\u9519\u8bef\u589e\u5f3a.light]" time="0.730" /><testcase classname="tests.test_回归" name="test_example_exit_code[test_\u95ed\u5305\u5d4c\u5957.light]" time="0.502" /><testcase classname="tests.test_回归" name="test_example_exit_code[test_\u9644\u4ef6_\u901a\u7528\u6587\u4ef6.light]" time="0.901" /><testcase classname="tests.test_回归" name="test_example_exit_code[test_\u9644\u4ef6\u51c6\u5165.light]" time="0.841" /><testcase classname="tests.test_回归" name="test_example_exit_code[test_\u9644\u4ef6\u51c6\u51651.5.light]" time="0.903" /><testcase classname="tests.test_回归" name="test_example_exit_code[test_\u9644\u4ef6\u53cd\u9988.light]" time="1.037" /><testcase classname="tests.test_回归" name="test_example_exit_code[test_\u9884\u8bbe.light]" time="0.875" /><testcase classname="tests.test_回归" name="test_example_exit_code[test_\u9884\u8bbe\u6df1\u5316.light]" time="1.264" /><testcase classname="tests.test_回归" name="test_example_exit_code[\u5192\u70df.light]" time="0.564" /><testcase classname="tests.test_回归" name="test_example_exit_code[\u5f02\u6b65\u6837\u4f8b.light]" time="0.426" /><testcase classname="tests.test_回归" name="test_example_exit_code[\u8f7d\u4f53\u6a21\u5757.light]" time="0.430" /><testcase classname="tests.test_回归" name="test_example_exit_code[\u8fd0\u884cCLI.light]" time="2.454" /><testcase classname="tests.test_回归" name="test_example_exit_code[\u8fd0\u884cWeb\u670d\u52a1\u5668.light]" time="6.234" /><testcase classname="tests.test_回归" name="test_env_red_baseline_report" time="0.001" /><testcase classname="tests.test_回归" name="test_expected_red_registered" time="0.001" /><testcase classname="tests.test_回归" name="test_green_exception_consistent" time="0.001" /></testsuite></testsuites>